17:30:24.488 @DEL001 2010011
17:30:24.490 @DEL002 东方田园条茶16孔下
17:30:24.491 @DEL003 
17:30:24.493 @DEL004 KG
17:30:24.494 @DEL005 2017101002,30
17:30:24.495 @DEL006 冷库A3
17:30:24.496 @DEL007 12
17:30:24.497 @DEL008 12
17:30:24.498 @DEL009 2
17:30:24.499 @DEL010 44.51%
17:30:24.500 @DEL011 1160002
17:30:24.500 @DEL012 12
17:30:24.501 @DEL013 
17:30:24.502 @DEL015 20180726001
17:30:24.503 @DEL016 梶商店鱼腥草混合茶
17:30:24.504 @DEL017 DD201804090001
17:30:24.511 @DEL001 2010011
17:30:24.512 @DEL002 东方田园条茶16孔下
17:30:24.513 @DEL003 
17:30:24.514 @DEL004 KG
17:30:24.515 @DEL005 2017111106,30
17:30:24.516 @DEL006 冷库A3
17:30:24.517 @DEL007 12
17:30:24.518 @DEL008 12
17:30:24.519 @DEL009 12
17:30:24.520 @DEL010 47.56%
17:30:24.521 @DEL011 1160002
17:30:24.522 @DEL012 2
17:30:24.523 @DEL013 
17:30:24.524 @DEL015 20180726001
17:30:24.525 @DEL016 梶商店鱼腥草混合茶
17:30:24.526 @DEL017 DD201804090001
17:30:24.529 @DEL001 2010011
17:30:24.531 @DEL002 东方田园条茶16孔下
17:30:24.532 @DEL003 
17:30:24.533 @DEL004 KG
17:30:24.534 @DEL005 2017111106,30
17:30:24.535 @DEL006 BCP
17:30:24.536 @DEL007 12
17:30:24.537 @DEL008 2
17:30:24.538 @DEL009 2
17:30:24.539 @DEL010 7.93%
17:30:24.540 @DEL011 1160002
17:30:24.540 @DEL012 12
17:30:24.541 @DEL013 
17:30:24.542 @DEL015 20180726001
17:30:24.544 @DEL016 梶商店鱼腥草混合茶
17:30:24.545 @DEL017 DD201804090001
