17:23:19.357 @DEL001 2010011
17:23:19.360 @DEL002 东方田园条茶16孔下
17:23:19.362 @DEL003 
17:23:19.363 @DEL004 KG
17:23:19.365 @DEL005 2017101002,30
17:23:19.366 @DEL006 冷库A3
17:23:19.368 @DEL007 1
17:23:19.369 @DEL008 3
17:23:19.371 @DEL009 1
17:23:19.373 @DEL010 1
17:23:19.375 @DEL011 GD201804040001
17:23:19.376 @DEL012 23
17:23:19.378 @DEL013 单头数据
17:23:19.384 @DEL001 2010011
17:23:19.386 @DEL002 东方田园条茶16孔下
17:23:19.388 @DEL003 
17:23:19.390 @DEL004 KG
17:23:19.392 @DEL005 2017111106,30
17:23:19.394 @DEL006 冷库A3
17:23:19.396 @DEL007 2
17:23:19.397 @DEL008 3
17:23:19.398 @DEL009 1
17:23:19.399 @DEL010 1
17:23:19.401 @DEL011 GD201804040001
17:23:19.402 @DEL012 34
17:23:19.404 @DEL013 单头数据
