14:47:21.881 @DEL001 2010011
14:47:21.884 @DEL002 东方田园条茶16孔下
14:47:21.886 @DEL003 
14:47:21.887 @DEL004 KG
14:47:21.889 @DEL005 2018012802,16
14:47:21.890 @DEL006 有机区
14:47:21.892 @DEL007 1
14:47:21.893 @DEL008 2
14:47:21.894 @DEL009 3
14:47:21.895 @DEL010 25.00%
14:47:21.897 @DEL011 
14:47:21.898 @DEL012 3
14:47:21.900 @DEL013 sdfeverver
14:47:21.901 @DEL015 20180629001
14:47:21.904 @DEL001 2010011
14:47:21.906 @DEL002 东方田园条茶16孔下
14:47:21.907 @DEL003 
14:47:21.908 @DEL004 KG
14:47:21.909 @DEL005 2017101002,30
14:47:21.910 @DEL006 冷库A3
14:47:21.911 @DEL007 1
14:47:21.912 @DEL008 2
14:47:21.913 @DEL009 3
14:47:21.914 @DEL010 25.00%
14:47:21.915 @DEL011 
14:47:21.916 @DEL012 2
14:47:21.917 @DEL013 sdfeverver
14:47:21.918 @DEL015 20180629001
14:47:21.920 @DEL001 2010011
14:47:21.921 @DEL002 东方田园条茶16孔下
14:47:21.923 @DEL003 
14:47:21.924 @DEL004 KG
14:47:21.924 @DEL005 2018030803,30
14:47:21.927 @DEL006 冷库A5
14:47:21.929 @DEL007 1
14:47:21.930 @DEL008 2
14:47:21.931 @DEL009 3
14:47:21.932 @DEL010 25.00%
14:47:21.933 @DEL011 
14:47:21.934 @DEL012 4
14:47:21.935 @DEL013 sdfeverver
14:47:21.935 @DEL015 20180629001
14:47:21.938 @DEL001 2010011
14:47:21.940 @DEL002 东方田园条茶16孔下
14:47:21.941 @DEL003 
14:47:21.942 @DEL004 KG
14:47:21.942 @DEL005 2017111106,30
14:47:21.943 @DEL006 冷库A3
14:47:21.944 @DEL007 1
14:47:21.945 @DEL008 2
14:47:21.946 @DEL009 3
14:47:21.948 @DEL010 25.00%
14:47:21.948 @DEL011 
14:47:21.949 @DEL012 1
14:47:21.950 @DEL013 sdfeverver
14:47:21.951 @DEL015 20180629001
14:58:17.618 @RAB001 GD201804030001
14:58:17.620 @RAB002 003
14:58:17.621 @RAB003 2010011
14:58:17.622 @RAB004 东方田园条茶16孔下
14:58:17.623 @RAB005 KG
14:58:17.625 @RAB007 20.000000000000
14:58:17.626 @RAB020 
14:58:17.628 @RAB980 4.000000
14:58:17.629 @RAB981 8.000000
14:58:17.630 @RAB961 25.00%
14:59:07.863 @DEL001 2010011
14:59:07.864 @DEL002 东方田园条茶16孔下
14:59:07.865 @DEL003 
14:59:07.867 @DEL004 KG
14:59:07.868 @DEL005 2017101002,30
14:59:07.869 @DEL006 冷库A3
14:59:07.870 @DEL007 2
14:59:07.871 @DEL008 3
14:59:07.872 @DEL009 2
14:59:07.873 @DEL010 28.57%
14:59:07.874 @DEL011 
14:59:07.875 @DEL012 4
14:59:07.876 @DEL013 e3rgergegre
14:59:07.877 @DEL015 20180629002
14:59:07.879 @DEL001 2010011
14:59:07.881 @DEL002 东方田园条茶16孔下
14:59:07.882 @DEL003 
14:59:07.883 @DEL004 KG
14:59:07.884 @DEL005 2017111106,30
14:59:07.885 @DEL006 冷库A3
14:59:07.886 @DEL007 1
14:59:07.887 @DEL008 4
14:59:07.888 @DEL009 2
14:59:07.889 @DEL010 21.43%
14:59:07.890 @DEL011 
14:59:07.891 @DEL012 2
14:59:07.892 @DEL013 e3rgergegre
14:59:07.893 @DEL015 20180629002
14:59:07.896 @DEL001 2010011
14:59:07.897 @DEL002 东方田园条茶16孔下
14:59:07.898 @DEL003 
14:59:07.899 @DEL004 KG
14:59:07.900 @DEL005 2018030803,30
14:59:07.901 @DEL006 冷库A5
14:59:07.902 @DEL007 4
14:59:07.903 @DEL008 1
14:59:07.904 @DEL009 2
14:59:07.906 @DEL010 21.43%
14:59:07.907 @DEL011 
14:59:07.908 @DEL012 e
14:59:07.909 @DEL013 e3rgergegre
14:59:07.910 @DEL015 20180629002
14:59:07.912 @DEL001 2010011
14:59:07.914 @DEL002 东方田园条茶16孔下
14:59:07.915 @DEL003 
14:59:07.916 @DEL004 KG
14:59:07.917 @DEL005 2018012802,16
14:59:07.918 @DEL006 有机区
14:59:07.919 @DEL007 3
14:59:07.921 @DEL008 2
14:59:07.922 @DEL009 2
14:59:07.923 @DEL010 28.57%
14:59:07.924 @DEL011 
14:59:07.925 @DEL012 3
14:59:07.926 @DEL013 e3rgergegre
14:59:07.927 @DEL015 20180629002
