08:19:56.474 @DEL001 2010011
08:19:56.474 @DEL002 东方田园条茶16孔下
08:19:56.474 @DEL003 
08:19:56.474 @DEL004 KG
08:19:56.474 @DEL005 2018030803,30
08:19:56.474 @DEL006 冷库A5
08:19:56.474 @DEL007 23
08:19:56.474 @DEL008 98
08:19:56.474 @DEL009 1834
08:19:56.474 @DEL010 26.78%
08:19:56.489 @DEL011 
08:19:56.489 @DEL012 
08:19:56.489 @DEL013 
08:19:56.489 @DEL016 1070010
08:19:56.489 @DEL017 DD201806270001
08:19:56.489 @idx 86
08:19:56.505 @DEL001 2010011
08:19:56.505 @DEL002 东方田园条茶16孔下
08:19:56.505 @DEL003 
08:19:56.505 @DEL004 KG
08:19:56.505 @DEL005 2017101002,30
08:19:56.505 @DEL006 冷库A3
08:19:56.505 @DEL007 5
08:19:56.505 @DEL008 90
08:19:56.505 @DEL009 98
08:19:56.505 @DEL010 3.59%
08:19:56.505 @DEL011 
08:19:56.505 @DEL012 
08:19:56.505 @DEL013 
08:19:56.505 @DEL016 1070010
08:19:56.505 @DEL017 DD201806270001
08:19:56.505 @idx 87
08:19:56.521 @idx 89
08:19:56.521 @idx 92
08:19:56.521 @DEL001 2010011
08:19:56.521 @DEL002 东方田园条茶16孔下
08:19:56.521 @DEL003 
08:19:56.521 @DEL004 KG
08:19:56.536 @DEL005 2017111106,30
08:19:56.536 @DEL006 冷库A3
08:19:56.536 @DEL007 89
08:19:56.536 @DEL008 100
08:19:56.536 @DEL009 200
08:19:56.536 @DEL010 59.62%
08:19:56.536 @DEL011 
08:19:56.536 @DEL012 
08:19:56.536 @DEL013 
08:19:56.536 @DEL016 1070010
08:19:56.536 @DEL017 DD201806270001
08:19:56.536 @idx 85
08:19:56.536 @idx 90
08:19:56.552 @idx 91
08:19:56.552 @DEL001 2010011
08:19:56.552 @DEL002 东方田园条茶16孔下
08:19:56.552 @DEL003 
08:19:56.552 @DEL004 KG
08:19:56.552 @DEL005 2018012802,16
08:19:56.552 @DEL006 有机区
08:19:56.552 @DEL007 90
08:19:56.552 @DEL008 6
08:19:56.552 @DEL009 987
08:19:56.552 @DEL010 10.00%
08:19:56.552 @DEL011 
08:19:56.552 @DEL012 
08:19:56.567 @DEL013 
08:19:56.567 @DEL016 1070010
08:19:56.567 @DEL017 DD201806270001
08:19:56.567 @idx 88
14:42:00.666 @DEL001 2010011
14:42:00.669 @DEL002 东方田园条茶16孔下
14:42:00.671 @DEL003 
14:42:00.672 @DEL004 KG
14:42:00.673 @DEL005 2017101002,30
14:42:00.674 @DEL006 冷库A3
14:42:00.676 @DEL007 12
14:42:00.677 @DEL008 34
14:42:00.678 @DEL009 2
14:42:00.679 @DEL010 3.18%
14:42:00.680 @DEL011 
14:42:00.681 @DEL012 WE
14:42:00.682 @DEL013 
14:42:00.683 @DEL015 20180719001
14:42:00.684 @DEL016 1020001
14:42:00.685 @DEL017 DD201803050001
14:42:00.689 @DEL001 2010011
14:42:00.691 @DEL002 东方田园条茶16孔下
14:42:00.693 @DEL003 
14:42:00.694 @DEL004 KG
14:42:00.696 @DEL005 2017111106,30
14:42:00.697 @DEL006 冷库A3
14:42:00.698 @DEL007 23
14:42:00.699 @DEL008 543
14:42:00.700 @DEL009 2
14:42:00.702 @DEL010 96.82%
14:42:00.703 @DEL011 
14:42:00.704 @DEL012 WE
14:42:00.705 @DEL013 
14:42:00.706 @DEL015 20180719001
14:42:00.707 @DEL016 1020001
14:42:00.709 @DEL017 DD201803050001
14:42:50.709 @DEL001 2010011
14:42:50.712 @DEL002 东方田园条茶16孔下
14:42:50.714 @DEL003 
14:42:50.717 @DEL004 KG
14:42:50.719 @DEL005 2017101002,30
14:42:50.724 @DEL006 冷库A3
14:42:50.726 @DEL007 12
14:42:50.729 @DEL008 34
14:42:50.731 @DEL009 2
14:42:50.733 @DEL010 3.05%
14:42:50.737 @DEL011 
14:42:50.740 @DEL012 WE
14:42:50.742 @DEL013 
14:42:50.743 @DEL015 20180719001
14:42:50.745 @DEL016 1020001
14:42:50.746 @DEL017 DD201803050001
14:42:50.748 @DEL001 2010011
14:42:50.750 @DEL002 东方田园条茶16孔下
14:42:50.751 @DEL003 
14:42:50.752 @DEL004 KG
14:42:50.753 @DEL005 2018012802,16
14:42:50.754 @DEL006 有机区
14:42:50.755 @DEL007 45
14:42:50.756 @DEL008 12
14:42:50.758 @DEL009 5
14:42:50.759 @DEL010 4.05%
14:42:50.760 @DEL011 
14:42:50.761 @DEL012 ER
14:42:50.762 @DEL013 
14:42:50.763 @DEL015 20180719001
14:42:50.764 @DEL016 1020001
14:42:50.765 @DEL017 DD201803050001
14:42:50.768 @DEL001 2010011
14:42:50.769 @DEL002 东方田园条茶16孔下
14:42:50.771 @DEL003 
14:42:50.772 @DEL004 KG
14:42:50.774 @DEL005 2017111106,30
14:42:50.775 @DEL006 冷库A3
14:42:50.776 @DEL007 23
14:42:50.777 @DEL008 543
14:42:50.778 @DEL009 2
14:42:50.779 @DEL010 92.90%
14:42:50.780 @DEL011 
14:42:50.781 @DEL012 WE
14:42:50.782 @DEL013 
14:42:50.783 @DEL015 20180719001
14:42:50.784 @DEL016 1020001
14:42:50.785 @DEL017 DD201803050001
14:45:06.973 @DEL001 2010011
14:45:06.975 @DEL002 东方田园条茶16孔下
14:45:06.976 @DEL003 
14:45:06.977 @DEL004 KG
14:45:06.978 @DEL005 2017101002,30
14:45:06.979 @DEL006 冷库A3
14:45:06.981 @DEL007 12
14:45:06.982 @DEL008 23
14:45:06.983 @DEL009 2
14:45:06.984 @DEL010 36.34%
14:45:06.985 @DEL011 
14:45:06.986 @DEL012 WE
14:45:06.988 @DEL013 
14:45:06.989 @DEL015 20180719001
14:45:06.990 @DEL016 1020001
14:45:06.991 @DEL017 DD201803050001
14:45:06.994 @DEL001 2010011
14:45:06.995 @DEL002 东方田园条茶16孔下
14:45:06.997 @DEL003 
14:45:06.998 @DEL004 KG
14:45:06.999 @DEL005 2017111106,30
14:45:07.001 @DEL006 冷库A3
14:45:07.002 @DEL007 23
14:45:07.003 @DEL008 21
14:45:07.005 @DEL009 4
14:45:07.006 @DEL010 63.66%
14:45:07.007 @DEL011 
14:45:07.008 @DEL012 REW
14:45:07.009 @DEL013 
14:45:07.010 @DEL015 20180719001
14:45:07.012 @DEL016 1020001
14:45:07.013 @DEL017 DD201803050001
14:45:53.693 @DEL001 2010011
14:45:53.695 @DEL002 东方田园条茶16孔下
14:45:53.698 @DEL003 
14:45:53.702 @DEL004 KG
14:45:53.708 @DEL005 2017111106,30
14:45:53.712 @DEL006 冷库A3
14:45:53.714 @DEL007 23.000000
14:45:53.715 @DEL008 21.000000
14:45:53.716 @DEL009 4.000000
14:45:53.717 @DEL010 28.35%
14:45:53.718 @DEL011 
14:45:53.719 @DEL012 REW
14:45:53.720 @DEL013 
14:45:53.721 @DEL016 1020001
14:45:53.723 @DEL017 DD201803050001
14:45:53.724 @idx 99
14:45:53.729 @DEL001 2010011
14:45:53.731 @DEL002 东方田园条茶16孔下
14:45:53.732 @DEL003 
14:45:53.734 @DEL004 KG
14:45:53.735 @DEL005 2017101002,30
14:45:53.736 @DEL006 冷库A3
14:45:53.737 @DEL007 12.000000
14:45:53.738 @DEL008 23.000000
14:45:53.739 @DEL009 2.000000
14:45:53.740 @DEL010 16.18%
14:45:53.742 @DEL011 
14:45:53.743 @DEL012 WE
14:45:53.744 @DEL013 
14:45:53.745 @DEL016 1020001
14:45:53.746 @DEL017 DD201803050001
14:45:53.747 @idx 98
14:45:53.749 @DEL001 2010011
14:45:53.751 @DEL002 东方田园条茶16孔下
14:45:53.753 @DEL003 
14:45:53.754 @DEL004 KG
14:45:53.755 @DEL005 2018012802,16
14:45:53.756 @DEL006 有机区
14:45:53.758 @DEL007 45
14:45:53.759 @DEL008 21
14:45:53.760 @DEL009 8
14:45:53.761 @DEL010 55.47%
14:45:53.762 @DEL011 
14:45:53.763 @DEL012 RT
14:45:53.765 @DEL013 
14:45:53.766 @DEL015 20180719001
14:45:53.767 @DEL016 1020001
14:45:53.768 @DEL017 DD201803050001
