14:21:50.307 @DEL001 2010011
14:21:50.310 @DEL002 东方田园条茶16孔下
14:21:50.311 @DEL003 
14:21:50.312 @DEL004 KG
14:21:50.313 @DEL005 2017101002,30
14:21:50.315 @DEL006 冷库A3
14:21:50.316 @DEL007 1
14:21:50.317 @DEL008 2
14:21:50.318 @DEL009 3
14:21:50.319 @DEL010 33.33%
14:21:50.320 @DEL011 1160028
14:21:50.322 @DEL012 
14:21:50.323 @DEL013 
14:21:50.324 @DEL015 20180808001
14:21:50.325 @DEL016 浦安 混合茶袋泡茶
14:21:50.327 @DEL017 DD201803210002
14:21:50.328 @DEL018 010
14:21:50.333 @DEL001 2010011
14:21:50.334 @DEL002 东方田园条茶16孔下
14:21:50.336 @DEL003 
14:21:50.337 @DEL004 KG
14:21:50.338 @DEL005 2017111106,30
14:21:50.339 @DEL006 冷库A3
14:21:50.339 @DEL007 1
14:21:50.340 @DEL008 2
14:21:50.341 @DEL009 3
14:21:50.342 @DEL010 33.33%
14:21:50.343 @DEL011 1160028
14:21:50.344 @DEL012 
14:21:50.345 @DEL013 
14:21:50.346 @DEL015 20180808001
14:21:50.347 @DEL016 浦安 混合茶袋泡茶
14:21:50.348 @DEL017 DD201803210002
14:21:50.349 @DEL018 010
14:21:50.351 @DEL001 2010011
14:21:50.352 @DEL002 东方田园条茶16孔下
14:21:50.353 @DEL003 
14:21:50.354 @DEL004 KG
14:21:50.355 @DEL005 2018030803,30
14:21:50.356 @DEL006 冷库A5
14:21:50.357 @DEL007 1
14:21:50.358 @DEL008 2
14:21:50.359 @DEL009 3
14:21:50.361 @DEL010 33.33%
14:21:50.362 @DEL011 1160028
14:21:50.363 @DEL012 
14:21:50.364 @DEL013 
14:21:50.365 @DEL015 20180808001
14:21:50.366 @DEL016 浦安 混合茶袋泡茶
14:21:50.367 @DEL017 DD201803210002
14:21:50.368 @DEL018 010
14:31:24.505 @DEL001 2010011
14:31:24.507 @DEL002 东方田园条茶16孔下
14:31:24.508 @DEL003 
14:31:24.509 @DEL004 KG
14:31:24.512 @DEL005 2018012802,16
14:31:24.513 @DEL006 有机区
14:31:24.514 @DEL007 1
14:31:24.515 @DEL008 2
14:31:24.516 @DEL009 3
14:31:24.517 @DEL010 33.33%
14:31:24.518 @DEL011 1160028
14:31:24.519 @DEL012 
14:31:24.520 @DEL013 
14:31:24.521 @DEL015 20180808002
14:31:24.522 @DEL016 浦安 混合茶袋泡茶
14:31:24.523 @DEL017 DD201803210002
14:31:24.524 @DEL018 010
14:31:24.529 @DEL001 2010011
14:31:24.530 @DEL002 东方田园条茶16孔下
14:31:24.531 @DEL003 
14:31:24.533 @DEL004 KG
14:31:24.534 @DEL005 2017111106,30
14:31:24.535 @DEL006 冷库A3
14:31:24.536 @DEL007 1
14:31:24.537 @DEL008 2
14:31:24.538 @DEL009 3
14:31:24.539 @DEL010 33.33%
14:31:24.540 @DEL011 1160028
14:31:24.541 @DEL012 
14:31:24.542 @DEL013 
14:31:24.543 @DEL015 20180808002
14:31:24.544 @DEL016 浦安 混合茶袋泡茶
14:31:24.545 @DEL017 DD201803210002
14:31:24.546 @DEL018 010
14:31:24.549 @DEL001 2010011
14:31:24.550 @DEL002 东方田园条茶16孔下
14:31:24.551 @DEL003 
14:31:24.552 @DEL004 KG
14:31:24.553 @DEL005 2017101002,30
14:31:24.554 @DEL006 冷库A3
14:31:24.555 @DEL007 1
14:31:24.558 @DEL008 2
14:31:24.559 @DEL009 3
14:31:24.561 @DEL010 33.33%
14:31:24.562 @DEL011 1160028
14:31:24.563 @DEL012 
14:31:24.564 @DEL013 
14:31:24.565 @DEL015 20180808002
14:31:24.566 @DEL016 浦安 混合茶袋泡茶
14:31:24.567 @DEL017 DD201803210002
14:31:24.568 @DEL018 010
