14:50:58.541 @DEL001 2010011
14:50:58.543 @DEL002 东方田园条茶16孔下
14:50:58.544 @DEL003 
14:50:58.545 @DEL004 KG
14:50:58.546 @DEL005 2018012802,16
14:50:58.548 @DEL006 有机区
14:50:58.549 @DEL007 3.000000
14:50:58.550 @DEL008 4.000000
14:50:58.551 @DEL009 5.000000
14:50:58.551 @DEL010 42.50%
14:50:58.553 @DEL011 GD201804030001
14:50:58.554 @DEL012 
14:50:58.555 @DEL013 
14:50:58.556 @idx 7
14:50:58.561 @DEL001 2010011
14:50:58.562 @DEL002 东方田园条茶16孔下
14:50:58.563 @DEL003 
14:50:58.565 @DEL004 KG
14:50:58.566 @DEL005 2018030803,30
14:50:58.567 @DEL006 冷库A5
14:50:58.568 @DEL007 5.000000
14:50:58.569 @DEL008 3.000000
14:50:58.570 @DEL009 1.000000
14:50:58.571 @DEL010 40.0%
14:50:58.572 @DEL011 GD201804030001
14:50:58.573 @DEL012 
14:50:58.574 @DEL013 
14:50:58.575 @idx 6
14:50:58.577 @DEL001 2010011
14:50:58.578 @DEL002 东方田园条茶16孔下
14:50:58.579 @DEL003 
14:50:58.580 @DEL004 KG
14:50:58.581 @DEL005 2017111106,30
14:50:58.581 @DEL006 冷库A3
14:50:58.582 @DEL007 1
14:50:58.585 @DEL008 1
14:50:58.586 @DEL009 4
14:50:58.587 @DEL010 12.50%
14:50:58.588 @DEL011 GD201804030001
14:50:58.588 @DEL012 
14:50:58.589 @DEL013 
14:50:58.592 @DEL001 2010011
14:50:58.593 @DEL002 东方田园条茶16孔下
14:50:58.595 @DEL003 
14:50:58.596 @DEL004 KG
14:50:58.597 @DEL005 2017101002,30
14:50:58.598 @DEL006 冷库A3
14:50:58.599 @DEL007 1.000000
14:50:58.600 @DEL008 1.000000
14:50:58.600 @DEL009 1.000000
14:50:58.601 @DEL010 5.00%
14:50:58.602 @DEL011 GD201804030001
14:50:58.603 @DEL012 
14:50:58.604 @DEL013 
14:50:58.605 @idx 5
14:50:58.607 @idx 8
