09:35:20.253 @DEL001 2010011
09:35:20.256 @DEL002 东方田园条茶16孔下
09:35:20.257 @DEL003 
09:35:20.259 @DEL004 KG
09:35:20.260 @DEL005 2017111106,30
09:35:20.261 @DEL006 冷库A3
09:35:20.263 @DEL007 23
09:35:20.264 @DEL008 332
09:35:20.265 @DEL009 2
09:35:20.266 @DEL010 55.96%
09:35:20.268 @DEL011 1080026
09:35:20.269 @DEL012 323
09:35:20.270 @DEL013 
09:35:20.271 @DEL015 20180730001
09:35:20.272 @DEL016 红茶袋泡茶（绵纸包）
09:35:20.273 @DEL017 DD201807200002
09:35:20.277 @DEL001 2010011
09:35:20.279 @DEL002 东方田园条茶16孔下
09:35:20.280 @DEL003 
09:35:20.281 @DEL004 KG
09:35:20.282 @DEL005 2017101002,30
09:35:20.283 @DEL006 冷库A3
09:35:20.284 @DEL007 12
09:35:20.285 @DEL008 34
09:35:20.286 @DEL009 12
09:35:20.287 @DEL010 3.08%
09:35:20.288 @DEL011 1080026
09:35:20.289 @DEL012 232
09:35:20.290 @DEL013 
09:35:20.291 @DEL015 20180730001
09:35:20.291 @DEL016 红茶袋泡茶（绵纸包）
09:35:20.292 @DEL017 DD201807200002
09:35:20.296 @DEL001 2010011
09:35:20.297 @DEL002 东方田园条茶16孔下
09:35:20.298 @DEL003 
09:35:20.301 @DEL004 KG
09:35:20.302 @DEL005 2018012802,16
09:35:20.303 @DEL006 有机区
09:35:20.304 @DEL007 23
09:35:20.306 @DEL008 243
09:35:20.307 @DEL009 3
09:35:20.308 @DEL010 40.97%
09:35:20.309 @DEL011 1080026
09:35:20.310 @DEL012 34
09:35:20.311 @DEL013 
09:35:20.312 @DEL015 20180730001
09:35:20.313 @DEL016 红茶袋泡茶（绵纸包）
09:35:20.314 @DEL017 DD201807200002
