15:17:43.906 @DEL001 2010011
15:17:43.907 @DEL002 东方田园条茶16孔下
15:17:43.908 @DEL003 
15:17:43.909 @DEL004 KG
15:17:43.910 @DEL005 2017111106,30
15:17:43.911 @DEL006 冷库A3
15:17:43.912 @DEL007 2
15:17:43.913 @DEL008 3
15:17:43.914 @DEL009 5
15:17:43.915 @DEL010 27.50%
15:17:43.916 @DEL011 
15:17:43.917 @DEL012 2
15:17:43.918 @DEL013 FERGERGERGE
15:17:43.919 @DEL015 20180718001
15:17:43.920 @DEL016 1020001
15:17:43.921 @DEL017 DD201803050001
15:17:43.925 @DEL001 2010011
15:17:43.927 @DEL002 东方田园条茶16孔下
15:17:43.928 @DEL003 
15:17:43.929 @DEL004 KG
15:17:43.931 @DEL005 2018012802,16
15:17:43.932 @DEL006 有机区
15:17:43.933 @DEL007 3
15:17:43.934 @DEL008 2
15:17:43.935 @DEL009 5
15:17:43.936 @DEL010 27.50%
15:17:43.938 @DEL011 
15:17:43.939 @DEL012 3
15:17:43.940 @DEL013 FERGERGERGE
15:17:43.941 @DEL015 20180718001
15:17:43.942 @DEL016 1020001
15:17:43.943 @DEL017 DD201803050001
15:17:43.945 @DEL001 2010011
15:17:43.946 @DEL002 东方田园条茶16孔下
15:17:43.947 @DEL003 
15:17:43.948 @DEL004 KG
15:17:43.949 @DEL005 2018030803,30
15:17:43.950 @DEL006 冷库A5
15:17:43.952 @DEL007 4
15:17:43.953 @DEL008 1
15:17:43.954 @DEL009 5
15:17:43.955 @DEL010 22.50%
15:17:43.956 @DEL011 
15:17:43.958 @DEL012 4
15:17:43.959 @DEL013 FERGERGERGE
15:17:43.960 @DEL015 20180718001
15:17:43.961 @DEL016 1020001
15:17:43.962 @DEL017 DD201803050001
15:17:43.965 @DEL001 2010011
15:17:43.967 @DEL002 东方田园条茶16孔下
15:17:43.968 @DEL003 
15:17:43.970 @DEL004 KG
15:17:43.971 @DEL005 2017101002,30
15:17:43.972 @DEL006 冷库A3
15:17:43.973 @DEL007 1
15:17:43.974 @DEL008 4
15:17:43.975 @DEL009 5
15:17:43.976 @DEL010 22.50%
15:17:43.977 @DEL011 
15:17:43.978 @DEL012 1
15:17:43.979 @DEL013 FERGERGERGE
15:17:43.981 @DEL015 20180718001
15:17:43.982 @DEL016 1020001
15:17:43.983 @DEL017 DD201803050001
16:28:41.657 @DEL001 2010011
16:28:41.658 @DEL002 东方田园条茶16孔下
16:28:41.659 @DEL003 
16:28:41.660 @DEL004 KG
16:28:41.661 @DEL005 2017101002,30
16:28:41.662 @DEL006 冷库A3
16:28:41.663 @DEL007 1
16:28:41.664 @DEL008 2
16:28:41.665 @DEL009 3
16:28:41.666 @DEL010 25.00%
16:28:41.667 @DEL011 
16:28:41.668 @DEL012 4
16:28:41.669 @DEL013 
16:28:41.670 @DEL015 20180718002
16:28:41.671 @DEL016 1160025
16:28:41.672 @DEL017 DD201803210002
16:28:41.679 @DEL001 2010011
16:28:41.680 @DEL002 东方田园条茶16孔下
16:28:41.681 @DEL003 
16:28:41.682 @DEL004 KG
16:28:41.683 @DEL005 2017111106,30
16:28:41.684 @DEL006 冷库A3
16:28:41.685 @DEL007 1
16:28:41.686 @DEL008 2
16:28:41.687 @DEL009 3
16:28:41.688 @DEL010 25.00%
16:28:41.689 @DEL011 
16:28:41.689 @DEL012 4
16:28:41.690 @DEL013 
16:28:41.691 @DEL015 20180718002
16:28:41.692 @DEL016 1160025
16:28:41.693 @DEL017 DD201803210002
16:28:41.695 @DEL001 2010011
16:28:41.696 @DEL002 东方田园条茶16孔下
16:28:41.697 @DEL003 
16:28:41.698 @DEL004 KG
16:28:41.699 @DEL005 2018012802,16
16:28:41.700 @DEL006 有机区
16:28:41.701 @DEL007 1
16:28:41.702 @DEL008 2
16:28:41.703 @DEL009 3
16:28:41.704 @DEL010 25.00%
16:28:41.705 @DEL011 
16:28:41.706 @DEL012 4
16:28:41.707 @DEL013 
16:28:41.708 @DEL015 20180718002
16:28:41.709 @DEL016 1160025
16:28:41.710 @DEL017 DD201803210002
16:28:41.712 @DEL001 2010011
16:28:41.713 @DEL002 东方田园条茶16孔下
16:28:41.714 @DEL003 
16:28:41.715 @DEL004 KG
16:28:41.716 @DEL005 2018030803,30
16:28:41.717 @DEL006 冷库A5
16:28:41.718 @DEL007 1
16:28:41.719 @DEL008 2
16:28:41.719 @DEL009 3
16:28:41.720 @DEL010 25.00%
16:28:41.721 @DEL011 
16:28:41.722 @DEL012 4
16:28:41.723 @DEL013 
16:28:41.724 @DEL015 20180718002
16:28:41.725 @DEL016 1160025
16:28:41.726 @DEL017 DD201803210002
16:36:54.566 '1160025' 附近有语法错误。
   在 System.Data.SqlClient.SqlConnection.OnError(SqlException exception, Boolean breakConnection, Action`1 wrapCloseInAction)
   在 System.Data.SqlClient.SqlInternalConnection.OnError(SqlException exception, Boolean breakConnection, Action`1 wrapCloseInAction)
   在 System.Data.SqlClient.TdsParser.ThrowExceptionAndWarning(TdsParserStateObject stateObj, Boolean callerHasConnectionLock, Boolean asyncClose)
   在 System.Data.SqlClient.TdsParser.TryRun(RunBehavior runBehavior, SqlCommand cmdHandler, SqlDataReader dataStream, BulkCopySimpleResultSet bulkCopyHandler, TdsParserStateObject stateObj, Boolean& dataReady)
   在 System.Data.SqlClient.SqlDataReader.TryConsumeMetaData()
   在 System.Data.SqlClient.SqlDataReader.get_MetaData()
   在 System.Data.SqlClient.SqlCommand.FinishExecuteReader(SqlDataReader ds, RunBehavior runBehavior, String resetOptionsString, Boolean isInternal, Boolean forDescribeParameterEncryption)
   在 System.Data.SqlClient.SqlCommand.RunExecuteReaderTds(CommandBehavior cmdBehavior, RunBehavior runBehavior, Boolean returnStream, Boolean async, Int32 timeout, Task& task, Boolean asyncWrite, Boolean inRetry, SqlDataReader ds, Boolean describeParameterEncryptionRequest)
   在 System.Data.SqlClient.SqlCommand.RunExecuteReader(CommandBehavior cmdBehavior, RunBehavior runBehavior, Boolean returnStream, String method, TaskCompletionSource`1 completion, Int32 timeout, Task& task, Boolean& usedCache, Boolean asyncWrite, Boolean inRetry)
   在 System.Data.SqlClient.SqlCommand.RunExecuteReader(CommandBehavior cmdBehavior, RunBehavior runBehavior, Boolean returnStream, String method)
   在 System.Data.SqlClient.SqlCommand.ExecuteReader(CommandBehavior behavior, String method)
   在 System.Data.SqlClient.SqlCommand.ExecuteDbDataReader(CommandBehavior behavior)
   在 System.Data.Common.DbCommand.System.Data.IDbCommand.ExecuteReader(CommandBehavior behavior)
   在 System.Data.Common.DbDataAdapter.FillInternal(DataSet dataset, DataTable[] datatables, Int32 startRecord, Int32 maxRecords, String srcTable, IDbCommand command, CommandBehavior behavior)
   在 System.Data.Common.DbDataAdapter.Fill(DataTable[] dataTables, Int32 startRecord, Int32 maxRecords, IDbCommand command, CommandBehavior behavior)
   在 System.Data.Common.DbDataAdapter.Fill(DataTable dataTable)
   在 StudentMgr.SqlHelper.ExecuteDataTable(SqlConnection conn, String cmdText, SqlParameter[] parameters) 位置 D:\Project data\QingXin\工单\SiftingData\SiftingDataBll\SqlHelper.cs:行号 241
16:36:54.568 SELECT idx,DEL001,DEL002,DEL003,DEL004,DEL005,DEL006,DEL007,DEL008,DEL009,DEL010,DEL011,DEL012,DEL013,DEL014,DEL015 FROM QIXDEL WHERE DEL015='1=1 AND DEL016='1160025' AND DEL017='DD201803210002''
16:38:36.374 '1' 附近有语法错误。
   在 System.Data.SqlClient.SqlConnection.OnError(SqlException exception, Boolean breakConnection, Action`1 wrapCloseInAction)
   在 System.Data.SqlClient.SqlInternalConnection.OnError(SqlException exception, Boolean breakConnection, Action`1 wrapCloseInAction)
   在 System.Data.SqlClient.TdsParser.ThrowExceptionAndWarning(TdsParserStateObject stateObj, Boolean callerHasConnectionLock, Boolean asyncClose)
   在 System.Data.SqlClient.TdsParser.TryRun(RunBehavior runBehavior, SqlCommand cmdHandler, SqlDataReader dataStream, BulkCopySimpleResultSet bulkCopyHandler, TdsParserStateObject stateObj, Boolean& dataReady)
   在 System.Data.SqlClient.SqlDataReader.TryConsumeMetaData()
   在 System.Data.SqlClient.SqlDataReader.get_MetaData()
   在 System.Data.SqlClient.SqlCommand.FinishExecuteReader(SqlDataReader ds, RunBehavior runBehavior, String resetOptionsString, Boolean isInternal, Boolean forDescribeParameterEncryption)
   在 System.Data.SqlClient.SqlCommand.RunExecuteReaderTds(CommandBehavior cmdBehavior, RunBehavior runBehavior, Boolean returnStream, Boolean async, Int32 timeout, Task& task, Boolean asyncWrite, Boolean inRetry, SqlDataReader ds, Boolean describeParameterEncryptionRequest)
   在 System.Data.SqlClient.SqlCommand.RunExecuteReader(CommandBehavior cmdBehavior, RunBehavior runBehavior, Boolean returnStream, String method, TaskCompletionSource`1 completion, Int32 timeout, Task& task, Boolean& usedCache, Boolean asyncWrite, Boolean inRetry)
   在 System.Data.SqlClient.SqlCommand.RunExecuteReader(CommandBehavior cmdBehavior, RunBehavior runBehavior, Boolean returnStream, String method)
   在 System.Data.SqlClient.SqlCommand.ExecuteReader(CommandBehavior behavior, String method)
   在 System.Data.SqlClient.SqlCommand.ExecuteDbDataReader(CommandBehavior behavior)
   在 System.Data.Common.DbCommand.System.Data.IDbCommand.ExecuteReader(CommandBehavior behavior)
   在 System.Data.Common.DbDataAdapter.FillInternal(DataSet dataset, DataTable[] datatables, Int32 startRecord, Int32 maxRecords, String srcTable, IDbCommand command, CommandBehavior behavior)
   在 System.Data.Common.DbDataAdapter.Fill(DataTable[] dataTables, Int32 startRecord, Int32 maxRecords, IDbCommand command, CommandBehavior behavior)
   在 System.Data.Common.DbDataAdapter.Fill(DataTable dataTable)
   在 StudentMgr.SqlHelper.ExecuteDataTable(SqlConnection conn, String cmdText, SqlParameter[] parameters) 位置 D:\Project data\QingXin\工单\SiftingData\SiftingDataBll\SqlHelper.cs:行号 241
16:38:36.375 SELECT DISTINCT IBB003,IBB004,IBB041 FROM DCSIBB WHERE IBB001='DD201803210002' 1=1 AND DEL016='1160025' AND DEL017='DD201803210002' 
17:17:01.766 在应使用条件的上下文(在 '20180718003' 附近)中指定了非布尔类型的表达式。
   在 System.Data.SqlClient.SqlConnection.OnError(SqlException exception, Boolean breakConnection, Action`1 wrapCloseInAction)
   在 System.Data.SqlClient.SqlInternalConnection.OnError(SqlException exception, Boolean breakConnection, Action`1 wrapCloseInAction)
   在 System.Data.SqlClient.TdsParser.ThrowExceptionAndWarning(TdsParserStateObject stateObj, Boolean callerHasConnectionLock, Boolean asyncClose)
   在 System.Data.SqlClient.TdsParser.TryRun(RunBehavior runBehavior, SqlCommand cmdHandler, SqlDataReader dataStream, BulkCopySimpleResultSet bulkCopyHandler, TdsParserStateObject stateObj, Boolean& dataReady)
   在 System.Data.SqlClient.SqlDataReader.TryConsumeMetaData()
   在 System.Data.SqlClient.SqlDataReader.get_MetaData()
   在 System.Data.SqlClient.SqlCommand.FinishExecuteReader(SqlDataReader ds, RunBehavior runBehavior, String resetOptionsString, Boolean isInternal, Boolean forDescribeParameterEncryption)
   在 System.Data.SqlClient.SqlCommand.RunExecuteReaderTds(CommandBehavior cmdBehavior, RunBehavior runBehavior, Boolean returnStream, Boolean async, Int32 timeout, Task& task, Boolean asyncWrite, Boolean inRetry, SqlDataReader ds, Boolean describeParameterEncryptionRequest)
   在 System.Data.SqlClient.SqlCommand.RunExecuteReader(CommandBehavior cmdBehavior, RunBehavior runBehavior, Boolean returnStream, String method, TaskCompletionSource`1 completion, Int32 timeout, Task& task, Boolean& usedCache, Boolean asyncWrite, Boolean inRetry)
   在 System.Data.SqlClient.SqlCommand.RunExecuteReader(CommandBehavior cmdBehavior, RunBehavior runBehavior, Boolean returnStream, String method)
   在 System.Data.SqlClient.SqlCommand.ExecuteReader(CommandBehavior behavior, String method)
   在 System.Data.SqlClient.SqlCommand.ExecuteDbDataReader(CommandBehavior behavior)
   在 System.Data.Common.DbCommand.System.Data.IDbCommand.ExecuteReader(CommandBehavior behavior)
   在 System.Data.Common.DbDataAdapter.FillInternal(DataSet dataset, DataTable[] datatables, Int32 startRecord, Int32 maxRecords, String srcTable, IDbCommand command, CommandBehavior behavior)
   在 System.Data.Common.DbDataAdapter.Fill(DataTable[] dataTables, Int32 startRecord, Int32 maxRecords, IDbCommand command, CommandBehavior behavior)
   在 System.Data.Common.DbDataAdapter.Fill(DataTable dataTable)
   在 StudentMgr.SqlHelper.ExecuteDataTable(SqlConnection conn, String cmdText, SqlParameter[] parameters) 位置 D:\Project data\QingXin\工单\SiftingData\SiftingDataBll\SqlHelper.cs:行号 241
17:17:01.767 SELECT idx,DEL001,DEL002,DEL003,DEL004,DEL005,DEL006,DEL007,DEL008,DEL009,DEL010,DEL011,DEL012,DEL013,DEL014,DEL015,DEL016,DEL017 FROM QIXDEL WHERE 20180718003
17:43:31.641 @DEL001 2010011
17:43:31.643 @DEL002 东方田园条茶16孔下
17:43:31.645 @DEL003 
17:43:31.646 @DEL004 KG
17:43:31.648 @DEL005 2018012802,16
17:43:31.650 @DEL006 有机区
17:43:31.651 @DEL007 1
17:43:31.653 @DEL008 2
17:43:31.655 @DEL009 3
17:43:31.656 @DEL010 25.00%
17:43:31.658 @DEL011 
17:43:31.659 @DEL012 
17:43:31.661 @DEL013 
17:43:31.662 @DEL015 20180718003
17:43:31.663 @DEL016 1020001
17:43:31.664 @DEL017 DD201803050001
17:43:31.666 @DEL001 2010011
17:43:31.667 @DEL002 东方田园条茶16孔下
17:43:31.668 @DEL003 
17:43:31.669 @DEL004 KG
17:43:31.670 @DEL005 2018030803,30
17:43:31.671 @DEL006 冷库A5
17:43:31.672 @DEL007 1
17:43:31.673 @DEL008 2
17:43:31.674 @DEL009 3
17:43:31.675 @DEL010 25.00%
17:43:31.675 @DEL011 
17:43:31.676 @DEL012 
17:43:31.677 @DEL013 
17:43:31.678 @DEL015 20180718003
17:43:31.679 @DEL016 1020001
17:43:31.680 @DEL017 DD201803050001
17:43:31.682 @DEL001 2010011
17:43:31.683 @DEL002 东方田园条茶16孔下
17:43:31.684 @DEL003 
17:43:31.685 @DEL004 KG
17:43:31.686 @DEL005 2017101002,30
17:43:31.687 @DEL006 冷库A3
17:43:31.688 @DEL007 1
17:43:31.689 @DEL008 2
17:43:31.690 @DEL009 3
17:43:31.690 @DEL010 25.00%
17:43:31.692 @DEL011 
17:43:31.693 @DEL012 
17:43:31.694 @DEL013 
17:43:31.695 @DEL015 20180718003
17:43:31.696 @DEL016 1020001
17:43:31.697 @DEL017 DD201803050001
17:43:31.699 @DEL001 2010011
17:43:31.700 @DEL002 东方田园条茶16孔下
17:43:31.701 @DEL003 
17:43:31.702 @DEL004 KG
17:43:31.703 @DEL005 2017111106,30
17:43:31.704 @DEL006 冷库A3
17:43:31.705 @DEL007 1
17:43:31.705 @DEL008 2
17:43:31.706 @DEL009 3
17:43:31.707 @DEL010 25.00%
17:43:31.709 @DEL011 
17:43:31.709 @DEL012 
17:43:31.710 @DEL013 
17:43:31.711 @DEL015 20180718003
17:43:31.712 @DEL016 1020001
17:43:31.713 @DEL017 DD201803050001
17:43:57.249 @DEL001 2010011
17:43:57.251 @DEL002 东方田园条茶16孔下
17:43:57.253 @DEL003 
17:43:57.255 @DEL004 KG
17:43:57.256 @DEL005 2018012802,16
17:43:57.258 @DEL006 有机区
17:43:57.260 @DEL007 2
17:43:57.262 @DEL008 3
17:43:57.264 @DEL009 4
17:43:57.266 @DEL010 27.03%
17:43:57.268 @DEL011 
17:43:57.270 @DEL012 
17:43:57.271 @DEL013 
17:43:57.273 @DEL015 20180718004
17:43:57.275 @DEL016 1010011
17:43:57.277 @DEL017 DD201804040001
17:43:57.280 @DEL001 2010011
17:43:57.282 @DEL002 东方田园条茶16孔下
17:43:57.283 @DEL003 
17:43:57.284 @DEL004 KG
17:43:57.285 @DEL005 2018030803,30
17:43:57.286 @DEL006 冷库A5
17:43:57.286 @DEL007 2
17:43:57.287 @DEL008 3
17:43:57.288 @DEL009 4
17:43:57.289 @DEL010 27.03%
17:43:57.290 @DEL011 
17:43:57.291 @DEL012 
17:43:57.292 @DEL013 
17:43:57.293 @DEL015 20180718004
17:43:57.294 @DEL016 1010011
17:43:57.295 @DEL017 DD201804040001
17:43:57.297 @DEL001 2010011
17:43:57.298 @DEL002 东方田园条茶16孔下
17:43:57.299 @DEL003 
17:43:57.300 @DEL004 KG
17:43:57.301 @DEL005 2017101002,30
17:43:57.302 @DEL006 冷库A3
17:43:57.303 @DEL007 1
17:43:57.304 @DEL008 3
17:43:57.305 @DEL009 4
17:43:57.306 @DEL010 18.92%
17:43:57.307 @DEL011 
17:43:57.308 @DEL012 
17:43:57.309 @DEL013 
17:43:57.310 @DEL015 20180718004
17:43:57.311 @DEL016 1010011
17:43:57.312 @DEL017 DD201804040001
17:43:57.314 @DEL001 2010011
17:43:57.315 @DEL002 东方田园条茶16孔下
17:43:57.316 @DEL003 
17:43:57.317 @DEL004 KG
17:43:57.318 @DEL005 2017111106,30
17:43:57.319 @DEL006 冷库A3
17:43:57.320 @DEL007 2
17:43:57.321 @DEL008 3
17:43:57.322 @DEL009 4
17:43:57.323 @DEL010 27.03%
17:43:57.324 @DEL011 
17:43:57.325 @DEL012 
17:43:57.326 @DEL013 
17:43:57.327 @DEL015 20180718004
17:43:57.328 @DEL016 1010011
17:43:57.329 @DEL017 DD201804040001
17:54:19.481 @DEL001 2010011
17:54:19.483 @DEL002 东方田园条茶16孔下
17:54:19.484 @DEL003 
17:54:19.485 @DEL004 KG
17:54:19.486 @DEL005 2017111106,30
17:54:19.488 @DEL006 冷库A3
17:54:19.489 @DEL007 10000
17:54:19.490 @DEL008 10000
17:54:19.492 @DEL009 10000
17:54:19.493 @DEL010 25.00%
17:54:19.494 @DEL011 
17:54:19.495 @DEL012 
17:54:19.497 @DEL013 
17:54:19.498 @DEL015 20180718005
17:54:19.500 @DEL016 1070010
17:54:19.501 @DEL017 DD201806270001
17:54:19.506 @DEL001 2010011
17:54:19.507 @DEL002 东方田园条茶16孔下
17:54:19.509 @DEL003 
17:54:19.510 @DEL004 KG
17:54:19.511 @DEL005 2018030803,30
17:54:19.512 @DEL006 冷库A5
17:54:19.513 @DEL007 10000
17:54:19.515 @DEL008 10000
17:54:19.516 @DEL009 10000
17:54:19.518 @DEL010 25.00%
17:54:19.519 @DEL011 
17:54:19.520 @DEL012 
17:54:19.522 @DEL013 
17:54:19.523 @DEL015 20180718005
17:54:19.524 @DEL016 1070010
17:54:19.525 @DEL017 DD201806270001
17:54:19.528 @DEL001 2010011
17:54:19.529 @DEL002 东方田园条茶16孔下
17:54:19.531 @DEL003 
17:54:19.532 @DEL004 KG
17:54:19.534 @DEL005 2017101002,30
17:54:19.535 @DEL006 冷库A3
17:54:19.536 @DEL007 10000
17:54:19.537 @DEL008 10000
17:54:19.539 @DEL009 10000
17:54:19.540 @DEL010 25.00%
17:54:19.541 @DEL011 
17:54:19.542 @DEL012 
17:54:19.543 @DEL013 
17:54:19.545 @DEL015 20180718005
17:54:19.546 @DEL016 1070010
17:54:19.547 @DEL017 DD201806270001
17:54:19.550 @DEL001 2010011
17:54:19.552 @DEL002 东方田园条茶16孔下
17:54:19.553 @DEL003 
17:54:19.554 @DEL004 KG
17:54:19.555 @DEL005 2018012802,16
17:54:19.557 @DEL006 有机区
17:54:19.558 @DEL007 10000
17:54:19.559 @DEL008 10000
17:54:19.560 @DEL009 10000
17:54:19.561 @DEL010 25.00%
17:54:19.563 @DEL011 
17:54:19.564 @DEL012 
17:54:19.565 @DEL013 
17:54:19.566 @DEL015 20180718005
17:54:19.567 @DEL016 1070010
17:54:19.569 @DEL017 DD201806270001
17:54:28.047 @DEL001 2010011
17:54:28.049 @DEL002 东方田园条茶16孔下
17:54:28.051 @DEL003 
17:54:28.053 @DEL004 KG
17:54:28.054 @DEL005 2017101002,30
17:54:28.055 @DEL006 冷库A3
17:54:28.057 @DEL007 10000
17:54:28.058 @DEL008 10000
17:54:28.060 @DEL009 10000
17:54:28.061 @DEL010 7.14%
17:54:28.062 @DEL011 
17:54:28.063 @DEL012 
17:54:28.064 @DEL013 
17:54:28.065 @DEL015 20180718005
17:54:28.068 @DEL016 1070010
17:54:28.069 @DEL017 DD201806270001
17:54:28.071 @DEL001 2010011
17:54:28.073 @DEL002 东方田园条茶16孔下
17:54:28.073 @DEL003 
17:54:28.074 @DEL004 KG
17:54:28.075 @DEL005 2017111106,30
17:54:28.078 @DEL006 冷库A3
17:54:28.079 @DEL007 10000
17:54:28.080 @DEL008 10000
17:54:28.081 @DEL009 10000
17:54:28.082 @DEL010 7.14%
17:54:28.083 @DEL011 
17:54:28.084 @DEL012 
17:54:28.085 @DEL013 
17:54:28.086 @DEL015 20180718005
17:54:28.087 @DEL016 1070010
17:54:28.087 @DEL017 DD201806270001
17:54:28.090 @DEL001 2010011
17:54:28.091 @DEL002 东方田园条茶16孔下
17:54:28.092 @DEL003 
17:54:28.093 @DEL004 KG
17:54:28.093 @DEL005 2018030803,30
17:54:28.094 @DEL006 冷库A5
17:54:28.095 @DEL007 10000
17:54:28.097 @DEL008 10000
17:54:28.098 @DEL009 10000
17:54:28.099 @DEL010 7.14%
17:54:28.100 @DEL011 
17:54:28.101 @DEL012 
17:54:28.102 @DEL013 
17:54:28.103 @DEL015 20180718005
17:54:28.104 @DEL016 1070010
17:54:28.105 @DEL017 DD201806270001
17:54:28.107 @DEL001 2010011
17:54:28.108 @DEL002 东方田园条茶16孔下
17:54:28.109 @DEL003 
17:54:28.110 @DEL004 KG
17:54:28.111 @DEL005 2018012802,16
17:54:28.112 @DEL006 有机区
17:54:28.113 @DEL007 10000
17:54:28.114 @DEL008 110000
17:54:28.115 @DEL009 10000
17:54:28.116 @DEL010 78.57%
17:54:28.117 @DEL011 
17:54:28.117 @DEL012 
17:54:28.118 @DEL013 
17:54:28.119 @DEL015 20180718005
17:54:28.120 @DEL016 1070010
17:54:28.121 @DEL017 DD201806270001
