08:17:19.394 @DEL001 2010021
08:17:19.394 @DEL002 低农片16-60孔（破碎）
08:17:19.394 @DEL003 
08:17:19.394 @DEL004 KG
08:17:19.410 @DEL005 17070601,40
08:17:19.410 @DEL006 D301
08:17:19.410 @DEL007 1
08:17:19.410 @DEL008 1
08:17:19.410 @DEL009 1
08:17:19.410 @DEL010 100%
08:17:19.410 @DEL011 1020001
08:17:19.410 @DEL012 
08:17:19.410 @DEL013 
08:17:19.410 @DEL015 20180920001
08:17:19.410 @DEL016 神户焙茶
08:17:19.410 @DEL017 DD201803050001
08:17:19.425 @DEL018 001
08:19:57.000 @DEL001 2010021
08:19:57.000 @DEL002 低农片16-60孔（破碎）
08:19:57.000 @DEL003 
08:19:57.000 @DEL004 KG
08:19:57.000 @DEL005 17070601,40
08:19:57.015 @DEL006 D301
08:19:57.015 @DEL007 1
08:19:57.015 @DEL008 1
08:19:57.015 @DEL009 1
08:19:57.015 @DEL010 100%
08:19:57.015 @DEL011 1030003
08:19:57.015 @DEL012 
08:19:57.015 @DEL013 
08:19:57.015 @DEL015 20180920002
08:19:57.015 @DEL016 名古屋黑乌龙茶
08:19:57.015 @DEL017 DD201803160001
08:19:57.015 @DEL018 002
08:22:55.126 @DEL001 2010021
08:22:55.126 @DEL002 低农片16-60孔（破碎）
08:22:55.126 @DEL003 
08:22:55.126 @DEL004 KG
08:22:55.126 @DEL005 17070601,40
08:22:55.142 @DEL006 D301
08:22:55.142 @DEL007 1
08:22:55.142 @DEL008 1
08:22:55.142 @DEL009 1
08:22:55.142 @DEL010 100%
08:22:55.142 @DEL011 1100001
08:22:55.142 @DEL012 
08:22:55.142 @DEL013 
08:22:55.142 @DEL015 20180920003
08:22:55.142 @DEL016 正荣杜仲茶
08:22:55.142 @DEL017 DD201803230003
08:22:55.157 @DEL018 001
08:23:25.082 @DEL001 2010021
08:23:25.082 @DEL002 低农片16-60孔（破碎）
08:23:25.082 @DEL003 
08:23:25.082 @DEL004 KG
08:23:25.082 @DEL005 17070601,40
08:23:25.098 @DEL006 D301
08:23:25.098 @DEL007 1.000000
08:23:25.098 @DEL008 1.000000
08:23:25.098 @DEL009 1.000000
08:23:25.098 @DEL010 100%
08:23:25.113 @DEL011 1100001
08:23:25.113 @DEL012 
08:23:25.113 @DEL013 
08:23:25.113 @DEL016 正荣杜仲茶
08:23:25.113 @DEL017 DD201803230003
08:23:25.113 @DEL018 001
08:23:25.113 @idx 241
08:23:42.663 @DEL001 2010021
08:23:42.663 @DEL002 低农片16-60孔（破碎）
08:23:42.663 @DEL003 
08:23:42.679 @DEL004 KG
08:23:42.679 @DEL005 17070601,40
08:23:42.679 @DEL006 D301
08:23:42.679 @DEL007 2
08:23:42.679 @DEL008 1.000000
08:23:42.679 @DEL009 1.000000
08:23:42.679 @DEL010 100%
08:23:42.679 @DEL011 1100001
08:23:42.679 @DEL012 
08:23:42.679 @DEL013 
08:23:42.679 @DEL016 正荣杜仲茶
08:23:42.679 @DEL017 DD201803230003
08:23:42.679 @DEL018 001
08:23:42.679 @idx 241
08:25:47.477 @DEL001 2010021
08:25:47.480 @DEL002 低农片16-60孔（破碎）
08:25:47.483 @DEL003 
08:25:47.486 @DEL004 KG
08:25:47.489 @DEL005 17070601,40
08:25:47.491 @DEL006 D301
08:25:47.493 @DEL007 2.000000
08:25:47.495 @DEL008 3
08:25:47.497 @DEL009 1.000000
08:25:47.498 @DEL010 100%
08:25:47.500 @DEL011 1100001
08:25:47.502 @DEL012 
08:25:47.504 @DEL013 
08:25:47.505 @DEL016 正荣杜仲茶
08:25:47.507 @DEL017 DD201803230003
08:25:47.508 @DEL018 001
08:25:47.510 @idx 241
08:26:20.841 @DEL001 2010021
08:26:20.843 @DEL002 低农片16-60孔（破碎）
08:26:20.844 @DEL003 
08:26:20.845 @DEL004 KG
08:26:20.847 @DEL005 17070601,40
08:26:20.848 @DEL006 D301
08:26:20.849 @DEL007 4
08:26:20.850 @DEL008 3.000000
08:26:20.852 @DEL009 1.000000
08:26:20.854 @DEL010 100%
08:26:20.855 @DEL011 1100001
08:26:20.859 @DEL012 
08:26:20.860 @DEL013 
08:26:20.861 @DEL016 正荣杜仲茶
08:26:20.863 @DEL017 DD201803230003
08:26:20.864 @DEL018 001
08:26:20.865 @idx 241
08:43:22.998 @DEL001 2010021
08:43:23.000 @DEL002 低农片16-60孔（破碎）
08:43:23.002 @DEL003 
08:43:23.003 @DEL004 KG
08:43:23.004 @DEL005 17070601,40
08:43:23.006 @DEL006 D301
08:43:23.007 @DEL007 1
08:43:23.009 @DEL008 1
08:43:23.010 @DEL009 1
08:43:23.011 @DEL010 100%
08:43:23.013 @DEL011 1020001
08:43:23.014 @DEL012 
08:43:23.015 @DEL013 
08:43:23.016 @DEL015 20180920004
08:43:23.018 @DEL016 神户焙茶
08:43:23.019 @DEL017 DD201803050002
08:43:23.020 @DEL018 001
08:44:42.197 @DEL001 2010021
08:44:42.198 @DEL002 低农片16-60孔（破碎）
08:44:42.200 @DEL003 
08:44:42.201 @DEL004 KG
08:44:42.203 @DEL005 17070601,40
08:44:42.204 @DEL006 D301
08:44:42.205 @DEL007 1
08:44:42.206 @DEL008 1
08:44:42.208 @DEL009 1
08:44:42.209 @DEL010 100%
08:44:42.210 @DEL011 1010012
08:44:42.211 @DEL012 
08:44:42.213 @DEL013 
08:44:42.214 @DEL015 20180920004
08:44:42.215 @DEL016 阿富汗绿茶
08:44:42.217 @DEL017 DD201803070002
08:44:42.218 @DEL018 001
08:47:14.812 @DEL001 2010021
08:47:14.816 @DEL002 低农片16-60孔（破碎）
08:47:14.819 @DEL003 
08:47:14.821 @DEL004 KG
08:47:14.823 @DEL005 17070601,40
08:47:14.825 @DEL006 D301
08:47:14.826 @DEL007 1
08:47:14.828 @DEL008 1
08:47:14.829 @DEL009 1
08:47:14.831 @DEL010 100%
08:47:14.832 @DEL011 1010012
08:47:14.834 @DEL012 
08:47:14.835 @DEL013 
08:47:14.837 @DEL015 20180920004
08:47:14.838 @DEL016 阿富汗绿茶
08:47:14.840 @DEL017 DD201803070002
08:47:14.841 @DEL018 001
08:49:48.793 @DEL001 2010021
08:49:48.796 @DEL002 低农片16-60孔（破碎）
08:49:48.797 @DEL003 
08:49:48.798 @DEL004 KG
08:49:48.800 @DEL005 17070601,40
08:49:48.801 @DEL006 D301
08:49:48.803 @DEL007 1
08:49:48.804 @DEL008 1
08:49:48.805 @DEL009 1
08:49:48.807 @DEL010 100%
08:49:48.808 @DEL011 1080005
08:49:48.810 @DEL012 
08:49:48.811 @DEL013 
08:49:48.813 @DEL015 20180920005
08:49:48.814 @DEL016 亨达 100#中国红茶包
08:49:48.816 @DEL017 DD201804080001
08:49:48.817 @DEL018 001
08:49:57.121 @DEL001 2010021
08:49:57.124 @DEL002 低农片16-60孔（破碎）
08:49:57.127 @DEL003 
08:49:57.129 @DEL004 KG
08:49:57.131 @DEL005 17070601,40
08:49:57.145 @DEL006 D301
08:49:57.148 @DEL007 1.000000
08:49:57.150 @DEL008 1.000000
08:49:57.152 @DEL009 1.000000
08:49:57.154 @DEL010 100%
08:49:57.155 @DEL011 1080005
08:49:57.156 @DEL012 
08:49:57.157 @DEL013 
08:49:57.158 @DEL016 亨达 100#中国红茶包
08:49:57.160 @DEL017 DD201804080001
08:49:57.161 @DEL018 001
08:49:57.162 @idx 245
08:50:42.216 @DEL001 2010021
08:50:42.218 @DEL002 低农片16-60孔（破碎）
08:50:42.219 @DEL003 
08:50:42.221 @DEL004 KG
08:50:42.222 @DEL005 17070601,40
08:50:42.224 @DEL006 D301
08:50:42.225 @DEL007 1
08:50:42.226 @DEL008 1
08:50:42.227 @DEL009 1
08:50:42.229 @DEL010 100%
08:50:42.230 @DEL011 1050001
08:50:42.232 @DEL012 
08:50:42.233 @DEL013 
08:50:42.235 @DEL015 20180920005
08:50:42.236 @DEL016 陆勇军普洱茶
08:50:42.238 @DEL017 DD201804120002
08:50:42.239 @DEL018 001
08:53:28.523 @DEL001 2010021
08:53:28.526 @DEL002 低农片16-60孔（破碎）
08:53:28.529 @DEL003 
08:53:28.533 @DEL004 KG
08:53:28.535 @DEL005 17070601,40
08:53:28.537 @DEL006 D301
08:53:28.540 @DEL007 1.000000
08:53:28.543 @DEL008 1.000000
08:53:28.545 @DEL009 1.000000
08:53:28.547 @DEL010 100%
08:53:28.550 @DEL011 1050001
08:53:28.553 @DEL012 
08:53:28.556 @DEL013 
08:53:28.559 @DEL016 陆勇军普洱茶
08:53:28.561 @DEL017 DD201804120002
08:53:28.563 @DEL018 001
08:53:28.565 @idx 246
09:16:50.584 @DEL001 2010019
09:16:50.586 @DEL002 神户绿茶原料
09:16:50.588 @DEL003 
09:16:50.589 @DEL004 KG
09:16:50.590 @DEL005 2018022603,40
09:16:50.591 @DEL006 D318
09:16:50.592 @DEL007 40
09:16:50.594 @DEL008 3
09:16:50.595 @DEL009 2
09:16:50.596 @DEL010 37.54%
09:16:50.598 @DEL011 1160023
09:16:50.599 @DEL012 
09:16:50.600 @DEL013 
09:16:50.601 @DEL015 20180920006
09:16:50.602 @DEL016 荞麦绿茶
09:16:50.603 @DEL017 DD201803140002
09:16:50.604 @DEL018 001
09:16:50.611 @DEL001 2010019
09:16:50.613 @DEL002 神户绿茶原料
09:16:50.614 @DEL003 
09:16:50.615 @DEL004 KG
09:16:50.616 @DEL005 2018012803,40
09:16:50.618 @DEL006 C316
09:16:50.619 @DEL007 50
09:16:50.620 @DEL008 4
09:16:50.621 @DEL009 3
09:16:50.622 @DEL010 62.46%
09:16:50.623 @DEL011 1160023
09:16:50.625 @DEL012 
09:16:50.626 @DEL013 
09:16:50.627 @DEL015 20180920006
09:16:50.628 @DEL016 荞麦绿茶
09:16:50.629 @DEL017 DD201803140002
09:16:50.630 @DEL018 001
09:18:44.743 @DEL001 2010019
09:18:44.745 @DEL002 神户绿茶原料
09:18:44.746 @DEL003 
09:18:44.747 @DEL004 KG
09:18:44.749 @DEL005 2018062603,45
09:18:44.750 @DEL006 D319
09:18:44.752 @DEL007 20
09:18:44.753 @DEL008 3
09:18:44.755 @DEL009 4
09:18:44.756 @DEL010 33.86%
09:18:44.758 @DEL011 1170002
09:18:44.760 @DEL012 
09:18:44.761 @DEL013 
09:18:44.763 @DEL015 20180920007
09:18:44.764 @DEL016 双合源煎茶
09:18:44.766 @DEL017 DD201803210001
09:18:44.767 @DEL018 001
09:18:44.769 @DEL001 2010019
09:18:44.770 @DEL002 神户绿茶原料
09:18:44.772 @DEL003 
09:18:44.773 @DEL004 KG
09:18:44.774 @DEL005 2018060301，45
09:18:44.776 @DEL006 D319
09:18:44.777 @DEL007 30
09:18:44.778 @DEL008 4
09:18:44.779 @DEL009 5
09:18:44.780 @DEL010 66.14%
09:18:44.781 @DEL011 1170002
09:18:44.782 @DEL012 
09:18:44.784 @DEL013 
09:18:44.785 @DEL015 20180920007
09:18:44.786 @DEL016 双合源煎茶
09:18:44.787 @DEL017 DD201803210001
09:18:44.788 @DEL018 001
09:19:59.856 @DEL001 2010019
09:19:59.858 @DEL002 神户绿茶原料
09:19:59.860 @DEL003 
09:19:59.863 @DEL004 KG
09:19:59.865 @DEL005 2018060301，45
09:19:59.867 @DEL006 D319
09:19:59.868 @DEL007 30.000000
09:19:59.870 @DEL008 4.000000
09:19:59.873 @DEL009 5.000000
09:19:59.875 @DEL010 49.41%
09:19:59.877 @DEL011 1170002
09:19:59.879 @DEL012 
09:19:59.882 @DEL013 
09:19:59.884 @DEL016 双合源煎茶
09:19:59.885 @DEL017 DD201803210001
09:19:59.887 @DEL018 001
09:19:59.888 @idx 250
09:19:59.893 @DEL001 2010019
09:19:59.894 @DEL002 神户绿茶原料
09:19:59.895 @DEL003 
09:19:59.896 @DEL004 KG
09:19:59.898 @DEL005 2018012803,40
09:19:59.899 @DEL006 C316
09:19:59.900 @DEL007 30
09:19:59.901 @DEL008 2
09:19:59.902 @DEL009 4
09:19:59.904 @DEL010 25.30%
09:19:59.905 @DEL011 1170002
09:19:59.906 @DEL012 
09:19:59.907 @DEL013 
09:19:59.908 @DEL015 20180920007
09:19:59.910 @DEL016 双合源煎茶
09:19:59.911 @DEL017 DD201803210001
09:19:59.912 @DEL018 001
09:19:59.914 @DEL001 2010019
09:19:59.916 @DEL002 神户绿茶原料
09:19:59.917 @DEL003 
09:19:59.918 @DEL004 KG
09:19:59.919 @DEL005 2018062603,45
09:19:59.920 @DEL006 D319
09:19:59.922 @DEL007 20.000000
09:19:59.923 @DEL008 3.000000
09:19:59.924 @DEL009 4.000000
09:19:59.925 @DEL010 25.30%
09:19:59.926 @DEL011 1170002
09:19:59.927 @DEL012 
09:19:59.929 @DEL013 
09:19:59.930 @DEL016 双合源煎茶
09:19:59.931 @DEL017 DD201803210001
09:19:59.932 @DEL018 001
09:19:59.933 @idx 249
09:20:40.357 @DEL001 2010019
09:20:40.359 @DEL002 神户绿茶原料
09:20:40.361 @DEL003 
09:20:40.363 @DEL004 KG
09:20:40.365 @DEL005 2018012803,40
09:20:40.368 @DEL006 C316
09:20:40.370 @DEL007 4
09:20:40.373 @DEL008 30
09:20:40.375 @DEL009 4
09:20:40.376 @DEL010 66.31%
09:20:40.378 @DEL011 1160025
09:20:40.380 @DEL012 
09:20:40.383 @DEL013 
09:20:40.384 @DEL015 20180920008
09:20:40.385 @DEL016 浦安 牛蒡袋泡茶
09:20:40.387 @DEL017 DD201803210002
09:20:40.388 @DEL018 007
09:20:40.391 @DEL001 2010019
09:20:40.393 @DEL002 神户绿茶原料
09:20:40.394 @DEL003 
09:20:40.395 @DEL004 KG
09:20:40.397 @DEL005 2018060301，45
09:20:40.398 @DEL006 D319
09:20:40.400 @DEL007 3
09:20:40.401 @DEL008 20
09:20:40.403 @DEL009 3
09:20:40.404 @DEL010 33.69%
09:20:40.405 @DEL011 1160025
09:20:40.406 @DEL012 
09:20:40.408 @DEL013 
09:20:40.409 @DEL015 20180920008
09:20:40.410 @DEL016 浦安 牛蒡袋泡茶
09:20:40.411 @DEL017 DD201803210002
09:20:40.413 @DEL018 007
09:21:33.983 @DEL001 2010019
09:21:33.985 @DEL002 神户绿茶原料
09:21:33.986 @DEL003 
09:21:33.987 @DEL004 KG
09:21:33.989 @DEL005 2018060301，45
09:21:33.990 @DEL006 D319
09:21:33.991 @DEL007 3.000000
09:21:33.993 @DEL008 20.000000
09:21:33.994 @DEL009 3.000000
09:21:33.995 @DEL010 25.00%
09:21:33.997 @DEL011 1160025
09:21:33.998 @DEL012 
09:21:33.999 @DEL013 
09:21:34.000 @DEL016 浦安 牛蒡袋泡茶
09:21:34.002 @DEL017 DD201803210002
09:21:34.003 @DEL018 007
09:21:34.004 @idx 253
09:21:34.013 @DEL001 2010019
09:21:34.015 @DEL002 神户绿茶原料
09:21:34.017 @DEL003 
09:21:34.018 @DEL004 KG
09:21:34.020 @DEL005 2018022603,40
09:21:34.022 @DEL006 D318
09:21:34.023 @DEL007 2
09:21:34.025 @DEL008 30
09:21:34.027 @DEL009 5
09:21:34.028 @DEL010 25.79%
09:21:34.030 @DEL011 1160025
09:21:34.031 @DEL012 
09:21:34.033 @DEL013 
09:21:34.034 @DEL015 20180920008
09:21:34.036 @DEL016 浦安 牛蒡袋泡茶
09:21:34.037 @DEL017 DD201803210002
09:21:34.039 @DEL018 007
09:21:34.043 @DEL001 2010019
09:21:34.045 @DEL002 神户绿茶原料
09:21:34.047 @DEL003 
09:21:34.048 @DEL004 KG
09:21:34.050 @DEL005 2018012803,40
09:21:34.051 @DEL006 C316
09:21:34.052 @DEL007 4.000000
09:21:34.054 @DEL008 30.000000
09:21:34.056 @DEL009 4.000000
09:21:34.058 @DEL010 49.21%
09:21:34.059 @DEL011 1160025
09:21:34.061 @DEL012 
09:21:34.063 @DEL013 
09:21:34.065 @DEL016 浦安 牛蒡袋泡茶
09:21:34.067 @DEL017 DD201803210002
09:21:34.069 @DEL018 007
09:21:34.070 @idx 252
09:22:10.755 @DEL001 2010019
09:22:10.757 @DEL002 神户绿茶原料
09:22:10.759 @DEL003 
09:22:10.761 @DEL004 KG
09:22:10.763 @DEL005 2018012803,40
09:22:10.765 @DEL006 C316
09:22:10.767 @DEL007 3
09:22:10.769 @DEL008 30
09:22:10.771 @DEL009 3
09:22:10.773 @DEL010 100%
09:22:10.774 @DEL011 1070007
09:22:10.776 @DEL012 
09:22:10.777 @DEL013 
09:22:10.778 @DEL015 20180920009
09:22:10.780 @DEL016 苦荞麦（打碎）
09:22:10.781 @DEL017 DD201803140002
09:22:10.782 @DEL018 002
09:23:30.741 @DEL001 2010019
09:23:30.743 @DEL002 神户绿茶原料
09:23:30.745 @DEL003 
09:23:30.746 @DEL004 KG
09:23:30.748 @DEL005 2018060301，45
09:23:30.749 @DEL006 D319
09:23:30.751 @DEL007 4
09:23:30.752 @DEL008 40
09:23:30.754 @DEL009 4
09:23:30.755 @DEL010 63.81%
09:23:30.756 @DEL011 1070007
09:23:30.757 @DEL012 
09:23:30.758 @DEL013 
09:23:30.760 @DEL015 20180920009
09:23:30.761 @DEL016 苦荞麦（打碎）
09:23:30.762 @DEL017 DD201803140002
09:23:30.764 @DEL018 002
09:23:30.766 @DEL001 2010019
09:23:30.767 @DEL002 神户绿茶原料
09:23:30.769 @DEL003 
09:23:30.770 @DEL004 KG
09:23:30.771 @DEL005 2018012803,40
09:23:30.772 @DEL006 C316
09:23:30.774 @DEL007 3.000000
09:23:30.775 @DEL008 30.000000
09:23:30.776 @DEL009 3.000000
09:23:30.777 @DEL010 36.19%
09:23:30.778 @DEL011 1070007
09:23:30.779 @DEL012 
09:23:30.780 @DEL013 
09:23:30.782 @DEL016 苦荞麦（打碎）
09:23:30.783 @DEL017 DD201803140002
09:23:30.784 @DEL018 002
09:23:30.785 @idx 255
09:26:33.171 @DEL001 2010019
09:26:33.173 @DEL002 神户绿茶原料
09:26:33.174 @DEL003 
09:26:33.176 @DEL004 KG
09:26:33.178 @DEL005 2018012803,40
09:26:33.179 @DEL006 C316
09:26:33.180 @DEL007 50.000000
09:26:33.182 @DEL008 4.000000
09:26:33.184 @DEL009 3.000000
09:26:33.185 @DEL010 42.20%
09:26:33.187 @DEL011 1160023
09:26:33.188 @DEL012 
09:26:33.190 @DEL013 
09:26:33.191 @DEL016 荞麦绿茶
09:26:33.193 @DEL017 DD201803140002
09:26:33.194 @DEL018 001
09:26:33.196 @idx 248
09:26:33.200 @DEL001 2010019
09:26:33.202 @DEL002 神户绿茶原料
09:26:33.204 @DEL003 
09:26:33.205 @DEL004 KG
09:26:33.207 @DEL005 2018022603,40
09:26:33.208 @DEL006 D318
09:26:33.210 @DEL007 40.000000
09:26:33.211 @DEL008 3.000000
09:26:33.212 @DEL009 2.000000
09:26:33.213 @DEL010 25.36%
09:26:33.215 @DEL011 1160023
09:26:33.216 @DEL012 
09:26:33.218 @DEL013 
09:26:33.219 @DEL016 荞麦绿茶
09:26:33.220 @DEL017 DD201803140002
09:26:33.221 @DEL018 001
09:26:33.222 @idx 247
09:26:33.225 @DEL001 2010019
09:26:33.230 @DEL002 神户绿茶原料
09:26:33.232 @DEL003 
09:26:33.233 @DEL004 KG
09:26:33.235 @DEL005 2018060301，45
09:26:33.236 @DEL006 D319
09:26:33.238 @DEL007 12
09:26:33.239 @DEL008 12
09:26:33.240 @DEL009 12
09:26:33.242 @DEL010 32.43%
09:26:33.243 @DEL011 1160023
09:26:33.244 @DEL012 
09:26:33.246 @DEL013 
09:26:33.247 @DEL015 20180920006
09:26:33.249 @DEL016 荞麦绿茶
09:26:33.250 @DEL017 DD201803140002
09:26:33.251 @DEL018 001
09:27:25.186 @DEL001 2010019
09:27:25.189 @DEL002 神户绿茶原料
09:27:25.190 @DEL003 
09:27:25.192 @DEL004 KG
09:27:25.193 @DEL005 2018022603,40
09:27:25.195 @DEL006 D318
09:27:25.197 @DEL007 40.000000
09:27:25.198 @DEL008 3.000000
09:27:25.200 @DEL009 2.000000
09:27:25.201 @DEL010 25.36%
09:27:25.203 @DEL011 1160023
09:27:25.204 @DEL012 
09:27:25.205 @DEL013 
09:27:25.206 @DEL016 荞麦绿茶
09:27:25.208 @DEL017 DD201803140002
09:27:25.209 @DEL018 001
09:27:25.210 @idx 247
09:27:25.213 @DEL001 2010019
09:27:25.214 @DEL002 神户绿茶原料
09:27:25.215 @DEL003 
09:27:25.217 @DEL004 KG
09:27:25.218 @DEL005 2018060301，45
09:27:25.219 @DEL006 D319
09:27:25.221 @DEL007 12.000000
09:27:25.222 @DEL008 12.000000
09:27:25.223 @DEL009 12.000000
09:27:25.225 @DEL010 32.43%
09:27:25.226 @DEL011 1160023
09:27:25.227 @DEL012 
09:27:25.228 @DEL013 
09:27:25.229 @DEL016 荞麦绿茶
09:27:25.231 @DEL017 DD201803140002
09:27:25.232 @DEL018 001
09:27:25.233 @idx 257
09:27:25.239 @DEL001 2010019
09:27:25.240 @DEL002 神户绿茶原料
09:27:25.242 @DEL003 
09:27:25.243 @DEL004 KG
09:27:25.244 @DEL005 2018012803,40
09:27:25.245 @DEL006 C316
09:27:25.247 @DEL007 50.000000
09:27:25.248 @DEL008 4.000000
09:27:25.249 @DEL009 3.000000
09:27:25.250 @DEL010 42.20%
09:27:25.251 @DEL011 1160023
09:27:25.253 @DEL012 
09:27:25.254 @DEL013 
09:27:25.255 @DEL016 荞麦绿茶
09:27:25.256 @DEL017 DD201803140002
09:27:25.258 @DEL018 001
09:27:25.259 @idx 248
09:29:04.855 @DEL001 2010019
09:29:04.858 @DEL002 神户绿茶原料
09:29:04.859 @DEL003 
09:29:04.861 @DEL004 KG
09:29:04.862 @DEL005 2018060301，45
09:29:04.863 @DEL006 D319
09:29:04.865 @DEL007 12.000000
09:29:04.867 @DEL008 12.000000
09:29:04.868 @DEL009 12.000000
09:29:04.869 @DEL010 24.49%
09:29:04.871 @DEL011 1160023
09:29:04.872 @DEL012 
09:29:04.873 @DEL013 
09:29:04.874 @DEL016 荞麦绿茶
09:29:04.875 @DEL017 DD201803140002
09:29:04.876 @DEL018 001
09:29:04.878 @idx 257
09:29:04.880 @DEL001 2010019
09:29:04.881 @DEL002 神户绿茶原料
09:29:04.883 @DEL003 
09:29:04.884 @DEL004 KG
09:29:04.885 @DEL005 2018022603,40
09:29:04.886 @DEL006 D318
09:29:04.888 @DEL007 40.000000
09:29:04.890 @DEL008 3.000000
09:29:04.891 @DEL009 2.000000
09:29:04.892 @DEL010 19.15%
09:29:04.893 @DEL011 1160023
09:29:04.894 @DEL012 
09:29:04.895 @DEL013 
09:29:04.896 @DEL016 荞麦绿茶
09:29:04.898 @DEL017 DD201803140002
09:29:04.899 @DEL018 001
09:29:04.900 @idx 247
09:29:04.902 @DEL001 2010019
09:29:04.904 @DEL002 神户绿茶原料
09:29:04.905 @DEL003 
09:29:04.907 @DEL004 KG
09:29:04.909 @DEL005 2018012803,40
09:29:04.910 @DEL006 C316
09:29:04.911 @DEL007 50.000000
09:29:04.912 @DEL008 4.000000
09:29:04.914 @DEL009 3.000000
09:29:04.915 @DEL010 31.87%
09:29:04.916 @DEL011 1160023
09:29:04.918 @DEL012 
09:29:04.919 @DEL013 
09:29:04.920 @DEL016 荞麦绿茶
09:29:04.921 @DEL017 DD201803140002
09:29:04.923 @DEL018 001
09:29:04.924 @idx 248
09:29:04.927 @DEL001 2010021
09:29:04.928 @DEL002 低农片16-60孔（破碎）
09:29:04.929 @DEL003 
09:29:04.930 @DEL004 KG
09:29:04.932 @DEL005 17070601,40
09:29:04.933 @DEL006 D301
09:29:04.934 @DEL007 12
09:29:04.935 @DEL008 12
09:29:04.937 @DEL009 12
09:29:04.938 @DEL010 24.49%
09:29:04.939 @DEL011 1160023
09:29:04.940 @DEL012 
09:29:04.941 @DEL013 
09:29:04.943 @DEL015 20180920006
09:29:04.944 @DEL016 荞麦绿茶
09:29:04.945 @DEL017 DD201803140002
09:29:04.946 @DEL018 001
09:30:54.430 @DEL001 2010019
09:30:54.432 @DEL002 神户绿茶原料
09:30:54.433 @DEL003 
09:30:54.435 @DEL004 KG
09:30:54.436 @DEL005 2018062603,45
09:30:54.437 @DEL006 D319
09:30:54.439 @DEL007 23
09:30:54.440 @DEL008 23
09:30:54.442 @DEL009 23
09:30:54.443 @DEL010 46.43%
09:30:54.444 @DEL011 1160023
09:30:54.445 @DEL012 
09:30:54.447 @DEL013 
09:30:54.448 @DEL015 20180920006
09:30:54.450 @DEL016 荞麦绿茶
09:30:54.451 @DEL017 DD201803140002
09:30:54.452 @DEL018 001
09:30:54.455 @DEL001 2010019
09:30:54.457 @DEL002 神户绿茶原料
09:30:54.458 @DEL003 
09:30:54.459 @DEL004 KG
09:30:54.460 @DEL005 2018022603,40
09:30:54.462 @DEL006 D318
09:30:54.463 @DEL007 40.000000
09:30:54.464 @DEL008 3.000000
09:30:54.465 @DEL009 2.000000
09:30:54.466 @DEL010 10.26%
09:30:54.468 @DEL011 1160023
09:30:54.469 @DEL012 
09:30:54.470 @DEL013 
09:30:54.471 @DEL016 荞麦绿茶
09:30:54.472 @DEL017 DD201803140002
09:30:54.473 @DEL018 001
09:30:54.474 @idx 247
09:30:54.477 @DEL001 2010019
09:30:54.479 @DEL002 神户绿茶原料
09:30:54.480 @DEL003 
09:30:54.481 @DEL004 KG
09:30:54.482 @DEL005 2018012803,40
09:30:54.483 @DEL006 C316
09:30:54.484 @DEL007 50.000000
09:30:54.485 @DEL008 4.000000
09:30:54.487 @DEL009 3.000000
09:30:54.488 @DEL010 17.07%
09:30:54.489 @DEL011 1160023
09:30:54.490 @DEL012 
09:30:54.491 @DEL013 
09:30:54.494 @DEL016 荞麦绿茶
09:30:54.495 @DEL017 DD201803140002
09:30:54.496 @DEL018 001
09:30:54.497 @idx 248
09:30:54.500 @DEL001 2010021
09:30:54.502 @DEL002 低农片16-60孔（破碎）
09:30:54.503 @DEL003 
09:30:54.504 @DEL004 KG
09:30:54.505 @DEL005 17070601,40
09:30:54.507 @DEL006 D301
09:30:54.508 @DEL007 12.000000
09:30:54.509 @DEL008 12.000000
09:30:54.510 @DEL009 12.000000
09:30:54.512 @DEL010 13.12%
09:30:54.513 @DEL011 1160023
09:30:54.515 @DEL012 
09:30:54.516 @DEL013 
09:30:54.517 @DEL016 荞麦绿茶
09:30:54.519 @DEL017 DD201803140002
09:30:54.520 @DEL018 001
09:30:54.521 @idx 258
09:30:54.524 @DEL001 2010019
09:30:54.525 @DEL002 神户绿茶原料
09:30:54.527 @DEL003 
09:30:54.528 @DEL004 KG
09:30:54.529 @DEL005 2018060301，45
09:30:54.531 @DEL006 D319
09:30:54.532 @DEL007 12.000000
09:30:54.533 @DEL008 12.000000
09:30:54.534 @DEL009 12.000000
09:30:54.535 @DEL010 13.12%
09:30:54.537 @DEL011 1160023
09:30:54.538 @DEL012 
09:30:54.539 @DEL013 
09:30:54.541 @DEL016 荞麦绿茶
09:30:54.542 @DEL017 DD201803140002
09:30:54.543 @DEL018 001
09:30:54.545 @idx 257
13:36:10.731 @DEL001 2010019
13:36:10.733 @DEL002 神户绿茶原料
13:36:10.735 @DEL003 
13:36:10.736 @DEL004 KG
13:36:10.737 @DEL005 2018022603,40
13:36:10.739 @DEL006 D318
13:36:10.741 @DEL007 1
13:36:10.742 @DEL008 1
13:36:10.744 @DEL009 1
13:36:10.745 @DEL010 50.0%
13:36:10.746 @DEL011 1010004
13:36:10.747 @DEL012 
13:36:10.748 @DEL013 
13:36:10.749 @DEL015 20180920010
13:36:10.751 @DEL016 陆勇军绿茶
13:36:10.752 @DEL017 DD201807250003
13:36:10.753 @DEL018 001
13:36:10.767 @DEL001 2010019
13:36:10.768 @DEL002 神户绿茶原料
13:36:10.770 @DEL003 
13:36:10.771 @DEL004 KG
13:36:10.772 @DEL005 2018012803,40
13:36:10.773 @DEL006 C316
13:36:10.775 @DEL007 1
13:36:10.776 @DEL008 1
13:36:10.777 @DEL009 1
13:36:10.778 @DEL010 50.0%
13:36:10.779 @DEL011 1010004
13:36:10.781 @DEL012 
13:36:10.782 @DEL013 
13:36:10.783 @DEL015 20180920010
13:36:10.784 @DEL016 陆勇军绿茶
13:36:10.785 @DEL017 DD201807250003
13:36:10.786 @DEL018 001
13:38:09.702 @DEL001 2010019
13:38:09.704 @DEL002 神户绿茶原料
13:38:09.705 @DEL003 
13:38:09.707 @DEL004 KG
13:38:09.708 @DEL005 2018060301，45
13:38:09.710 @DEL006 D319
13:38:09.711 @DEL007 1
13:38:09.713 @DEL008 1
13:38:09.714 @DEL009 1
13:38:09.716 @DEL010 14.29%
13:38:09.717 @DEL011 1010060
13:38:09.719 @DEL012 
13:38:09.720 @DEL013 
13:38:09.722 @DEL015 20180920010
13:38:09.726 @DEL016 玛洛雅 绿茶
13:38:09.727 @DEL017 DD201808090006
13:38:09.729 @DEL018 001
13:38:09.733 @DEL001 2010019
13:38:09.735 @DEL002 神户绿茶原料
13:38:09.736 @DEL003 
13:38:09.738 @DEL004 KG
13:38:09.739 @DEL005 2018022603,40
13:38:09.741 @DEL006 D318
13:38:09.742 @DEL007 1
13:38:09.743 @DEL008 1
13:38:09.745 @DEL009 11
13:38:09.746 @DEL010 85.71%
13:38:09.747 @DEL011 1010060
13:38:09.749 @DEL012 
13:38:09.750 @DEL013 
13:38:09.752 @DEL015 20180920010
13:38:09.753 @DEL016 玛洛雅 绿茶
13:38:09.754 @DEL017 DD201808090006
13:38:09.756 @DEL018 001
13:40:36.627 @DEL001 2010019
13:40:36.632 @DEL002 神户绿茶原料
13:40:36.634 @DEL003 
13:40:36.636 @DEL004 KG
13:40:36.637 @DEL005 2018022603,40
13:40:36.639 @DEL006 D318
13:40:36.640 @DEL007 1
13:40:36.642 @DEL008 2
13:40:36.644 @DEL009 2
13:40:36.645 @DEL010 50.0%
13:40:36.647 @DEL011 1010060
13:40:36.649 @DEL012 
13:40:36.650 @DEL013 
13:40:36.652 @DEL015 20180920010
13:40:36.653 @DEL016 玛洛雅 绿茶
13:40:36.655 @DEL017 DD201808090006
13:40:36.656 @DEL018 001
13:40:36.661 @DEL001 2010019
13:40:36.663 @DEL002 神户绿茶原料
13:40:36.664 @DEL003 
13:40:36.665 @DEL004 KG
13:40:36.666 @DEL005 2018062603,45
13:40:36.668 @DEL006 D319
13:40:36.669 @DEL007 1
13:40:36.670 @DEL008 2
13:40:36.671 @DEL009 2
13:40:36.672 @DEL010 50.0%
13:40:36.673 @DEL011 1010060
13:40:36.674 @DEL012 
13:40:36.676 @DEL013 
13:40:36.677 @DEL015 20180920010
13:40:36.678 @DEL016 玛洛雅 绿茶
13:40:36.679 @DEL017 DD201808090006
13:40:36.681 @DEL018 001
16:02:08.615 @DEL001 2010019
16:02:08.617 @DEL002 神户绿茶原料
16:02:08.619 @DEL003 
16:02:08.620 @DEL004 KG
16:02:08.621 @DEL005 2018062603,45
16:02:08.622 @DEL006 D319
16:02:08.624 @DEL007 1
16:02:08.625 @DEL008 1
16:02:08.626 @DEL009 1
16:02:08.627 @DEL010 14.29%
16:02:08.628 @DEL011 1030002
16:02:08.629 @DEL012 
16:02:08.631 @DEL013 
16:02:08.632 @DEL015 20180920011
16:02:08.633 @DEL016 名古屋黑乌龙茶
16:02:08.634 @DEL017 DD201804090003
16:02:08.635 @DEL018 001
16:02:08.648 @DEL001 2010019
16:02:08.649 @DEL002 神户绿茶原料
16:02:08.650 @DEL003 
16:02:08.651 @DEL004 KG
16:02:08.653 @DEL005 2018022603,40
16:02:08.654 @DEL006 D318
16:02:08.655 @DEL007 1
16:02:08.656 @DEL008 11
16:02:08.658 @DEL009 1
16:02:08.659 @DEL010 85.71%
16:02:08.660 @DEL011 1030002
16:02:08.661 @DEL012 
16:02:08.662 @DEL013 
16:02:08.664 @DEL015 20180920011
16:02:08.665 @DEL016 名古屋黑乌龙茶
16:02:08.666 @DEL017 DD201804090003
16:02:08.667 @DEL018 001
16:35:35.551 @DEL001 2010019
16:35:35.552 @DEL002 神户绿茶原料
16:35:35.554 @DEL003 
16:35:35.555 @DEL004 KG
16:35:35.557 @DEL005 2018022603,40
16:35:35.558 @DEL006 D318
16:35:35.560 @DEL007 3
16:35:35.562 @DEL008 40
16:35:35.563 @DEL009 4
16:35:35.565 @DEL010 37.92%
16:35:35.566 @DEL011 1160026
16:35:35.568 @DEL012 
16:35:35.570 @DEL013 
16:35:35.571 @DEL015 20180920012
16:35:35.573 @DEL016 浦安 茉莉花茶袋泡茶
16:35:35.574 @DEL017 DD201803210002
16:35:35.576 @DEL018 008
16:35:35.581 @DEL001 2010019
16:35:35.583 @DEL002 神户绿茶原料
16:35:35.584 @DEL003 
16:35:35.586 @DEL004 KG
16:35:35.588 @DEL005 2018012803,40
16:35:35.589 @DEL006 C316
16:35:35.591 @DEL007 5
16:35:35.592 @DEL008 40
16:35:35.594 @DEL009 3
16:35:35.597 @DEL010 62.08%
16:35:35.599 @DEL011 1160026
16:35:35.601 @DEL012 
16:35:35.603 @DEL013 
16:35:35.604 @DEL015 20180920012
16:35:35.605 @DEL016 浦安 茉莉花茶袋泡茶
16:35:35.607 @DEL017 DD201803210002
16:35:35.608 @DEL018 008
17:08:56.295 @DEL001 2010019
17:08:56.296 @DEL002 神户绿茶原料
17:08:56.298 @DEL003 
17:08:56.299 @DEL004 KG
17:08:56.300 @DEL005 2018060301，45
17:08:56.301 @DEL006 D319
17:08:56.302 @DEL007 1
17:08:56.304 @DEL008 1
17:08:56.305 @DEL009 1
17:08:56.307 @DEL010 50.0%
17:08:56.308 @DEL011 1010029
17:08:56.309 @DEL012 
17:08:56.310 @DEL013 
17:08:56.311 @DEL015 20180920013
17:08:56.313 @DEL016 圣弗兰西斯科有机抹茶
17:08:56.314 @DEL017 DD201803260001
17:08:56.315 @DEL018 001
17:08:56.320 @DEL001 2010019
17:08:56.327 @DEL002 神户绿茶原料
17:08:56.328 @DEL003 
17:08:56.329 @DEL004 KG
17:08:56.330 @DEL005 2018062603,45
17:08:56.331 @DEL006 D319
17:08:56.333 @DEL007 1
17:08:56.335 @DEL008 1
17:08:56.336 @DEL009 1
17:08:56.337 @DEL010 50.0%
17:08:56.338 @DEL011 1010029
17:08:56.339 @DEL012 
17:08:56.340 @DEL013 
17:08:56.341 @DEL015 20180920013
17:08:56.343 @DEL016 圣弗兰西斯科有机抹茶
17:08:56.344 @DEL017 DD201803260001
17:08:56.345 @DEL018 001
