16:31:57.272 @DEL001 2010011
16:31:57.276 @DEL002 东方田园条茶16孔下
16:31:57.278 @DEL003 
16:31:57.280 @DEL004 KG
16:31:57.281 @DEL005 2017111106,30
16:31:57.284 @DEL006 冷库A3
16:31:57.285 @DEL007 4
16:31:57.286 @DEL008 43
16:31:57.287 @DEL009 65
16:31:57.288 @DEL010 61.72%
16:31:57.289 @DEL011 
16:31:57.290 @DEL012 
16:31:57.291 @DEL013 
16:31:57.292 @DEL015 20180721001
16:31:57.293 @DEL016 1020001
16:31:57.294 @DEL017 DD201803050001
16:31:57.299 @DEL001 2010011
16:31:57.300 @DEL002 东方田园条茶16孔下
16:31:57.301 @DEL003 
16:31:57.303 @DEL004 KG
16:31:57.304 @DEL005 2017101002,30
16:31:57.305 @DEL006 冷库A3
16:31:57.306 @DEL007 23
16:31:57.307 @DEL008 4
16:31:57.308 @DEL009 55
16:31:57.309 @DEL010 38.28%
16:31:57.310 @DEL011 
16:31:57.311 @DEL012 
16:31:57.312 @DEL013 
16:31:57.313 @DEL015 20180721001
16:31:57.314 @DEL016 1020001
16:31:57.315 @DEL017 DD201803050001
16:34:37.333 @DEL001 2010011
16:34:37.334 @DEL002 东方田园条茶16孔下
16:34:37.336 @DEL003 
16:34:37.337 @DEL004 KG
16:34:37.338 @DEL005 2017101002,30
16:34:37.339 @DEL006 冷库A3
16:34:37.340 @DEL007 12
16:34:37.341 @DEL008 34
16:34:37.343 @DEL009 23
16:34:37.344 @DEL010 3.13%
16:34:37.345 @DEL011 
16:34:37.346 @DEL012 
16:34:37.347 @DEL013 
16:34:37.348 @DEL015 20180721001
16:34:37.350 @DEL016 1020001
16:34:37.351 @DEL017 DD201803050001
16:34:37.354 @DEL001 2010011
16:34:37.356 @DEL002 东方田园条茶16孔下
16:34:37.357 @DEL003 
16:34:37.358 @DEL004 KG
16:34:37.359 @DEL005 2017111106,30
16:34:37.361 @DEL006 冷库A3
16:34:37.362 @DEL007 23
16:34:37.363 @DEL008 565
16:34:37.364 @DEL009 343
16:34:37.365 @DEL010 96.87%
16:34:37.366 @DEL011 
16:34:37.366 @DEL012 
16:34:37.367 @DEL013 
16:34:37.368 @DEL015 20180721001
16:34:37.369 @DEL016 1020001
16:34:37.370 @DEL017 DD201803050001
17:27:21.875 @DEL001 2010011
17:27:21.877 @DEL002 东方田园条茶16孔下
17:27:21.878 @DEL003 
17:27:21.879 @DEL004 KG
17:27:21.880 @DEL005 2017111106,30
17:27:21.881 @DEL006 冷库A3
17:27:21.883 @DEL007 23.000000
17:27:21.884 @DEL008 565.000000
17:27:21.885 @DEL009 343.000000
17:27:21.886 @DEL010 70.16%
17:27:21.888 @DEL011 
17:27:21.889 @DEL012 
17:27:21.890 @DEL013 
17:27:21.891 @DEL016 1020001
17:27:21.892 @DEL017 DD201803050001
17:27:21.893 @idx 104
17:27:21.898 @DEL001 2010011
17:27:21.900 @DEL002 东方田园条茶16孔下
17:27:21.902 @DEL003 
17:27:21.903 @DEL004 KG
17:27:21.905 @DEL005 2017101002,30
17:27:21.906 @DEL006 冷库A3
17:27:21.908 @DEL007 12.000000
17:27:21.909 @DEL008 34.000000
17:27:21.910 @DEL009 23.000000
17:27:21.912 @DEL010 2.27%
17:27:21.913 @DEL011 
17:27:21.915 @DEL012 
17:27:21.916 @DEL013 
17:27:21.918 @DEL016 1020001
17:27:21.919 @DEL017 DD201803050001
17:27:21.920 @idx 103
17:27:21.926 @DEL001 2010011
17:27:21.927 @DEL002 东方田园条茶16孔下
17:27:21.929 @DEL003 
17:27:21.931 @DEL004 KG
17:27:21.932 @DEL005 2018012802,16
17:27:21.934 @DEL006 有机区
17:27:21.935 @DEL007 12
17:27:21.937 @DEL008 343
17:27:21.938 @DEL009 45
17:27:21.939 @DEL010 21.89%
17:27:21.941 @DEL011 
17:27:21.942 @DEL012 
17:27:21.944 @DEL013 
17:27:21.945 @DEL015 20180721001
17:27:21.947 @DEL016 1020001
17:27:21.948 @DEL017 DD201803050001
17:27:21.953 @DEL001 2010011
17:27:21.955 @DEL002 东方田园条茶16孔下
17:27:21.956 @DEL003 
17:27:21.958 @DEL004 KG
17:27:21.959 @DEL005 2018030803,30
17:27:21.961 @DEL006 冷库A5
17:27:21.962 @DEL007 23
17:27:21.964 @DEL008 45
17:27:21.965 @DEL009 45
17:27:21.967 @DEL010 5.68%
17:27:21.968 @DEL011 
17:27:21.969 @DEL012 
17:27:21.971 @DEL013 
17:27:21.972 @DEL015 20180721001
17:27:21.974 @DEL016 1020001
17:27:21.975 @DEL017 DD201803050001
17:27:29.877 @DEL001 2010011
17:27:29.880 @DEL002 东方田园条茶16孔下
17:27:29.882 @DEL003 
17:27:29.885 @DEL004 KG
17:27:29.888 @DEL005 2017101002,30
17:27:29.891 @DEL006 冷库A3
17:27:29.895 @DEL007 12.000000
17:27:29.897 @DEL008 34.000000
17:27:29.898 @DEL009 23.000000
17:27:29.900 @DEL010 2.40%
17:27:29.902 @DEL011 
17:27:29.903 @DEL012 
17:27:29.904 @DEL013 
17:27:29.906 @DEL016 1020001
17:27:29.907 @DEL017 DD201803050001
17:27:29.909 @idx 103
17:27:29.912 @DEL001 2010011
17:27:29.913 @DEL002 东方田园条茶16孔下
17:27:29.914 @DEL003 
17:27:29.916 @DEL004 KG
17:27:29.917 @DEL005 2017111106,30
17:27:29.919 @DEL006 冷库A3
17:27:29.920 @DEL007 23.000000
17:27:29.921 @DEL008 565.000000
17:27:29.922 @DEL009 343.000000
17:27:29.923 @DEL010 74.39%
17:27:29.924 @DEL011 
17:27:29.925 @DEL012 
17:27:29.926 @DEL013 
17:27:29.927 @DEL016 1020001
17:27:29.928 @DEL017 DD201803050001
17:27:29.929 @idx 104
17:27:29.931 @DEL001 2010011
17:27:29.932 @DEL002 东方田园条茶16孔下
17:27:29.934 @DEL003 
17:27:29.935 @DEL004 KG
17:27:29.936 @DEL005 2018012802,16
17:27:29.937 @DEL006 有机区
17:27:29.937 @DEL007 12.000000
17:27:29.938 @DEL008 343.000000
17:27:29.939 @DEL009 45.000000
17:27:29.940 @DEL010 23.21%
17:27:29.941 @DEL011 
17:27:29.942 @DEL012 
17:27:29.943 @DEL013 
17:27:29.944 @DEL016 1020001
17:27:29.945 @DEL017 DD201803050001
17:27:29.946 @idx 105
17:27:29.951 @idx 106
17:31:52.123 @DEL001 2010011
17:31:52.124 @DEL002 东方田园条茶16孔下
17:31:52.125 @DEL003 
17:31:52.126 @DEL004 KG
17:31:52.127 @DEL005 2017111106,30
17:31:52.128 @DEL006 冷库A3
17:31:52.129 @DEL007 0
17:31:52.130 @DEL008 0
17:31:52.131 @DEL009 0
17:31:52.132 @DEL010 
17:31:52.133 @DEL011 
17:31:52.134 @DEL012 
17:31:52.135 @DEL013 
17:31:52.136 @DEL015 20180721002
17:31:52.137 @DEL016 1020001
17:31:52.139 @DEL017 DD201803050002
17:31:52.142 @DEL001 2010011
17:31:52.144 @DEL002 东方田园条茶16孔下
17:31:52.145 @DEL003 
17:31:52.146 @DEL004 KG
17:31:52.147 @DEL005 2017101002,30
17:31:52.148 @DEL006 冷库A3
17:31:52.149 @DEL007 0
17:31:52.150 @DEL008 0
17:31:52.151 @DEL009 0
17:31:52.151 @DEL010 
17:31:52.152 @DEL011 
17:31:52.153 @DEL012 
17:31:52.154 @DEL013 
17:31:52.155 @DEL015 20180721002
17:31:52.157 @DEL016 1020001
17:31:52.158 @DEL017 DD201803050002
17:32:06.289 @DEL001 2010011
17:32:06.291 @DEL002 东方田园条茶16孔下
17:32:06.292 @DEL003 
17:32:06.293 @DEL004 KG
17:32:06.294 @DEL005 2018012802,16
17:32:06.295 @DEL006 有机区
17:32:06.297 @DEL007 0
17:32:06.298 @DEL008 0
17:32:06.299 @DEL009 0
17:32:06.300 @DEL010 
17:32:06.301 @DEL011 
17:32:06.302 @DEL012 
17:32:06.303 @DEL013 
17:32:06.304 @DEL015 20180721002
17:32:06.306 @DEL016 1020001
17:32:06.307 @DEL017 DD201803050002
17:32:06.310 @DEL001 2010011
17:32:06.311 @DEL002 东方田园条茶16孔下
17:32:06.312 @DEL003 
17:32:06.314 @DEL004 KG
17:32:06.315 @DEL005 2017111106,30
17:32:06.315 @DEL006 冷库A3
17:32:06.316 @DEL007 0.000000
17:32:06.319 @DEL008 0.000000
17:32:06.320 @DEL009 0.000000
17:32:06.321 @DEL010 
17:32:06.322 @DEL011 
17:32:06.324 @DEL012 
17:32:06.325 @DEL013 
17:32:06.326 @DEL016 1020001
17:32:06.327 @DEL017 DD201803050002
17:32:06.329 @idx 107
17:32:06.334 @DEL001 2010011
17:32:06.335 @DEL002 东方田园条茶16孔下
17:32:06.336 @DEL003 
17:32:06.337 @DEL004 KG
17:32:06.338 @DEL005 2017101002,30
17:32:06.339 @DEL006 冷库A3
17:32:06.340 @DEL007 0.000000
17:32:06.341 @DEL008 0.000000
17:32:06.342 @DEL009 0.000000
17:32:06.343 @DEL010 
17:32:06.344 @DEL011 
17:32:06.345 @DEL012 
17:32:06.347 @DEL013 
17:32:06.349 @DEL016 1020001
17:32:06.350 @DEL017 DD201803050002
17:32:06.351 @idx 108
17:35:43.246 @DEL001 2010011
17:35:43.248 @DEL002 东方田园条茶16孔下
17:35:43.249 @DEL003 
17:35:43.251 @DEL004 KG
17:35:43.253 @DEL005 2017101002,30
17:35:43.254 @DEL006 冷库A3
17:35:43.256 @DEL007 0
17:35:43.257 @DEL008 0
17:35:43.259 @DEL009 0
17:35:43.261 @DEL010 
17:35:43.263 @DEL011 
17:35:43.265 @DEL012 
17:35:43.267 @DEL013 
17:35:43.269 @DEL015 20180721002
17:35:43.270 @DEL016 1020001
17:35:43.272 @DEL017 DD201803050002
17:35:43.275 @DEL001 2010011
17:35:43.277 @DEL002 东方田园条茶16孔下
17:35:43.278 @DEL003 
17:35:43.279 @DEL004 KG
17:35:43.280 @DEL005 2017111106,30
17:35:43.281 @DEL006 冷库A3
17:35:43.282 @DEL007 0
17:35:43.283 @DEL008 0
17:35:43.284 @DEL009 0
17:35:43.285 @DEL010 
17:35:43.286 @DEL011 
17:35:43.287 @DEL012 
17:35:43.288 @DEL013 
17:35:43.289 @DEL015 20180721002
17:35:43.290 @DEL016 1020001
17:35:43.291 @DEL017 DD201803050002
17:36:10.715 @DEL001 2010011
17:36:10.717 @DEL002 东方田园条茶16孔下
17:36:10.718 @DEL003 
17:36:10.720 @DEL004 KG
17:36:10.722 @DEL005 2018012802,16
17:36:10.723 @DEL006 有机区
17:36:10.725 @DEL007 0
17:36:10.726 @DEL008 0
17:36:10.728 @DEL009 0
17:36:10.730 @DEL010 
17:36:10.731 @DEL011 
17:36:10.733 @DEL012 
17:36:10.734 @DEL013 
17:36:10.736 @DEL015 20180721001
17:36:10.737 @DEL016 1020001
17:36:10.739 @DEL017 DD201803050001
17:36:10.742 @DEL001 2010011
17:36:10.744 @DEL002 东方田园条茶16孔下
17:36:10.746 @DEL003 
17:36:10.747 @DEL004 KG
17:36:10.749 @DEL005 2018030803,30
17:36:10.751 @DEL006 冷库A5
17:36:10.752 @DEL007 0
17:36:10.753 @DEL008 0
17:36:10.754 @DEL009 0
17:36:10.755 @DEL010 
17:36:10.756 @DEL011 
17:36:10.757 @DEL012 
17:36:10.758 @DEL013 
17:36:10.759 @DEL015 20180721001
17:36:10.760 @DEL016 1020001
17:36:10.761 @DEL017 DD201803050001
17:36:10.764 @DEL001 2010011
17:36:10.765 @DEL002 东方田园条茶16孔下
17:36:10.766 @DEL003 
17:36:10.767 @DEL004 KG
17:36:10.768 @DEL005 2017111106,30
17:36:10.769 @DEL006 冷库A3
17:36:10.770 @DEL007 0
17:36:10.771 @DEL008 0
17:36:10.772 @DEL009 0
17:36:10.773 @DEL010 
17:36:10.774 @DEL011 
17:36:10.775 @DEL012 
17:36:10.776 @DEL013 
17:36:10.777 @DEL015 20180721001
17:36:10.778 @DEL016 1020001
17:36:10.779 @DEL017 DD201803050001
17:36:10.781 @DEL001 2010011
17:36:10.783 @DEL002 东方田园条茶16孔下
17:36:10.784 @DEL003 
17:36:10.785 @DEL004 KG
17:36:10.786 @DEL005 2017101002,30
17:36:10.787 @DEL006 冷库A3
17:36:10.788 @DEL007 0
17:36:10.789 @DEL008 0
17:36:10.790 @DEL009 0
17:36:10.791 @DEL010 
17:36:10.792 @DEL011 
17:36:10.793 @DEL012 
17:36:10.794 @DEL013 
17:36:10.795 @DEL015 20180721001
17:36:10.796 @DEL016 1020001
17:36:10.797 @DEL017 DD201803050001
17:41:19.283 @DEL001 2010011
17:41:19.285 @DEL002 东方田园条茶16孔下
17:41:19.286 @DEL003 
17:41:19.287 @DEL004 KG
17:41:19.288 @DEL005 2018012802,16
17:41:19.289 @DEL006 有机区
17:41:19.290 @DEL007 0
17:41:19.291 @DEL008 0
17:41:19.292 @DEL009 0
17:41:19.293 @DEL010 
17:41:19.294 @DEL011 
17:41:19.295 @DEL012 
17:41:19.296 @DEL013 
17:41:19.297 @DEL015 20180721002
17:41:19.298 @DEL016 1020001
17:41:19.299 @DEL017 DD201803050002
17:41:19.303 @DEL001 2010011
17:41:19.304 @DEL002 东方田园条茶16孔下
17:41:19.305 @DEL003 
17:41:19.307 @DEL004 KG
17:41:19.307 @DEL005 2017111106,30
17:41:19.308 @DEL006 冷库A3
17:41:19.309 @DEL007 0
17:41:19.310 @DEL008 0
17:41:19.311 @DEL009 0
17:41:19.312 @DEL010 
17:41:19.313 @DEL011 
17:41:19.314 @DEL012 
17:41:19.315 @DEL013 
17:41:19.316 @DEL015 20180721002
17:41:19.317 @DEL016 1020001
17:41:19.318 @DEL017 DD201803050002
17:41:19.320 @DEL001 2010011
17:41:19.321 @DEL002 东方田园条茶16孔下
17:41:19.322 @DEL003 
17:41:19.323 @DEL004 KG
17:41:19.324 @DEL005 2018030803,30
17:41:19.325 @DEL006 冷库A5
17:41:19.326 @DEL007 0
17:41:19.327 @DEL008 0
17:41:19.329 @DEL009 0
17:41:19.330 @DEL010 
17:41:19.331 @DEL011 
17:41:19.332 @DEL012 
17:41:19.333 @DEL013 
17:41:19.334 @DEL015 20180721002
17:41:19.335 @DEL016 1020001
17:41:19.337 @DEL017 DD201803050002
17:41:19.338 @DEL001 2010011
17:41:19.339 @DEL002 东方田园条茶16孔下
17:41:19.341 @DEL003 
17:41:19.342 @DEL004 KG
17:41:19.343 @DEL005 2017101002,30
17:41:19.344 @DEL006 冷库A3
17:41:19.347 @DEL007 0
17:41:19.348 @DEL008 0
17:41:19.349 @DEL009 0
17:41:19.350 @DEL010 
17:41:19.352 @DEL011 
17:41:19.353 @DEL012 
17:41:19.354 @DEL013 
17:41:19.355 @DEL015 20180721002
17:41:19.356 @DEL016 1020001
17:41:19.357 @DEL017 DD201803050002
17:47:20.405 @DEL001 2010019
17:47:20.407 @DEL002 神户绿茶原料
17:47:20.408 @DEL003 
17:47:20.409 @DEL004 KG
17:47:20.410 @DEL005 2018060301，45
17:47:20.411 @DEL006 BCP
17:47:20.412 @DEL007 0
17:47:20.413 @DEL008 0
17:47:20.414 @DEL009 0
17:47:20.415 @DEL010 
17:47:20.416 @DEL011 
17:47:20.417 @DEL012 
17:47:20.418 @DEL013 
17:47:20.419 @DEL015 20180721002
17:47:20.419 @DEL016 1010001
17:47:20.421 @DEL017 DD2018072103
17:47:20.425 @DEL001 2010019
17:47:20.426 @DEL002 神户绿茶原料
17:47:20.427 @DEL003 
17:47:20.428 @DEL004 KG
17:47:20.429 @DEL005 2018012803,40
17:47:20.430 @DEL006 BCP
17:47:20.431 @DEL007 0
17:47:20.432 @DEL008 0
17:47:20.433 @DEL009 0
17:47:20.434 @DEL010 
17:47:20.435 @DEL011 
17:47:20.437 @DEL012 
17:47:20.438 @DEL013 
17:47:20.439 @DEL015 20180721002
17:47:20.440 @DEL016 1010001
17:47:20.441 @DEL017 DD2018072103
17:47:20.444 @DEL001 2010019
17:47:20.445 @DEL002 神户绿茶原料
17:47:20.446 @DEL003 
17:47:20.448 @DEL004 KG
17:47:20.449 @DEL005 2018022603,40
17:47:20.450 @DEL006 D318
17:47:20.451 @DEL007 0
17:47:20.452 @DEL008 0
17:47:20.453 @DEL009 0
17:47:20.455 @DEL010 
17:47:20.456 @DEL011 
17:47:20.457 @DEL012 
17:47:20.458 @DEL013 
17:47:20.459 @DEL015 20180721002
17:47:20.460 @DEL016 1010001
17:47:20.461 @DEL017 DD2018072103
17:47:20.464 @DEL001 2010019
17:47:20.465 @DEL002 神户绿茶原料
17:47:20.466 @DEL003 
17:47:20.467 @DEL004 KG
17:47:20.468 @DEL005 2018022603,40
17:47:20.469 @DEL006 BCP
17:47:20.470 @DEL007 0
17:47:20.471 @DEL008 0
17:47:20.472 @DEL009 0
17:47:20.473 @DEL010 
17:47:20.474 @DEL011 
17:47:20.475 @DEL012 
17:47:20.476 @DEL013 
17:47:20.477 @DEL015 20180721002
17:47:20.478 @DEL016 1010001
17:47:20.478 @DEL017 DD2018072103
17:47:20.481 @DEL001 2010019
17:47:20.483 @DEL002 神户绿茶原料
17:47:20.484 @DEL003 
17:47:20.485 @DEL004 KG
17:47:20.486 @DEL005 2018012803,40
17:47:20.487 @DEL006 C316
17:47:20.488 @DEL007 0
17:47:20.489 @DEL008 0
17:47:20.490 @DEL009 0
17:47:20.492 @DEL010 
17:47:20.493 @DEL011 
17:47:20.494 @DEL012 
17:47:20.495 @DEL013 
17:47:20.496 @DEL015 20180721002
17:47:20.497 @DEL016 1010001
17:47:20.498 @DEL017 DD2018072103
17:48:43.770 @DEL001 2010019
17:48:43.772 @DEL002 神户绿茶原料
17:48:43.774 @DEL003 
17:48:43.775 @DEL004 KG
17:48:43.777 @DEL005 2018060301，45
17:48:43.778 @DEL006 BCP
17:48:43.780 @DEL007 0
17:48:43.781 @DEL008 0
17:48:43.782 @DEL009 0
17:48:43.784 @DEL010 
17:48:43.785 @DEL011 
17:48:43.786 @DEL012 
17:48:43.787 @DEL013 
17:48:43.788 @DEL015 20180721002
17:48:43.790 @DEL016 1010001
17:48:43.791 @DEL017 DD2018072103
17:48:43.795 @DEL001 2010019
17:48:43.796 @DEL002 神户绿茶原料
17:48:43.798 @DEL003 
17:48:43.799 @DEL004 KG
17:48:43.800 @DEL005 2018012803,40
17:48:43.801 @DEL006 C316
17:48:43.802 @DEL007 0
17:48:43.803 @DEL008 0
17:48:43.804 @DEL009 0
17:48:43.806 @DEL010 
17:48:43.807 @DEL011 
17:48:43.807 @DEL012 
17:48:43.808 @DEL013 
17:48:43.809 @DEL015 20180721002
17:48:43.810 @DEL016 1010001
17:48:43.812 @DEL017 DD2018072103
17:48:43.815 @DEL001 2010019
17:48:43.816 @DEL002 神户绿茶原料
17:48:43.817 @DEL003 
17:48:43.819 @DEL004 KG
17:48:43.820 @DEL005 2018060301，45
17:48:43.821 @DEL006 D319
17:48:43.822 @DEL007 0
17:48:43.823 @DEL008 0
17:48:43.824 @DEL009 0
17:48:43.825 @DEL010 
17:48:43.826 @DEL011 
17:48:43.827 @DEL012 
17:48:43.829 @DEL013 
17:48:43.830 @DEL015 20180721002
17:48:43.831 @DEL016 1010001
17:48:43.832 @DEL017 DD2018072103
17:48:43.836 @DEL001 2010019
17:48:43.837 @DEL002 神户绿茶原料
17:48:43.838 @DEL003 
17:48:43.840 @DEL004 KG
17:48:43.841 @DEL005 2018022603,40
17:48:43.842 @DEL006 D318
17:48:43.844 @DEL007 0
17:48:43.845 @DEL008 0
17:48:43.846 @DEL009 0
17:48:43.847 @DEL010 
17:48:43.848 @DEL011 
17:48:43.848 @DEL012 
17:48:43.849 @DEL013 
17:48:43.851 @DEL015 20180721002
17:48:43.852 @DEL016 1010001
17:48:43.853 @DEL017 DD2018072103
17:48:43.856 @DEL001 2010019
17:48:43.857 @DEL002 神户绿茶原料
17:48:43.858 @DEL003 
17:48:43.859 @DEL004 KG
17:48:43.860 @DEL005 2018022603,40
17:48:43.861 @DEL006 BCP
17:48:43.862 @DEL007 0
17:48:43.863 @DEL008 0
17:48:43.864 @DEL009 0
17:48:43.865 @DEL010 
17:48:43.866 @DEL011 
17:48:43.867 @DEL012 
17:48:43.868 @DEL013 
17:48:43.870 @DEL015 20180721002
17:48:43.871 @DEL016 1010001
17:48:43.872 @DEL017 DD2018072103
17:48:43.875 @DEL001 2010019
17:48:43.877 @DEL002 神户绿茶原料
17:48:43.878 @DEL003 
17:48:43.879 @DEL004 KG
17:48:43.880 @DEL005 2018012803,40
17:48:43.881 @DEL006 BCP
17:48:43.882 @DEL007 0
17:48:43.883 @DEL008 0
17:48:43.884 @DEL009 0
17:48:43.885 @DEL010 
17:48:43.886 @DEL011 
17:48:43.887 @DEL012 
17:48:43.888 @DEL013 
17:48:43.890 @DEL015 20180721002
17:48:43.891 @DEL016 1010001
17:48:43.892 @DEL017 DD2018072103
17:48:43.895 @DEL001 2010019
17:48:43.896 @DEL002 神户绿茶原料
17:48:43.897 @DEL003 
17:48:43.898 @DEL004 KG
17:48:43.899 @DEL005 20180721,45
17:48:43.900 @DEL006 BCP
17:48:43.901 @DEL007 0
17:48:43.904 @DEL008 0
17:48:43.905 @DEL009 0
17:48:43.906 @DEL010 
17:48:43.907 @DEL011 
17:48:43.908 @DEL012 
17:48:43.909 @DEL013 
17:48:43.911 @DEL015 20180721002
17:48:43.912 @DEL016 1010001
17:48:43.913 @DEL017 DD2018072103
17:52:27.157 @DEL001 2010019
17:52:27.159 @DEL002 神户绿茶原料
17:52:27.161 @DEL003 
17:52:27.162 @DEL004 KG
17:52:27.163 @DEL005 2018022603,40
17:52:27.163 @DEL006 D318
17:52:27.164 @DEL007 0
17:52:27.165 @DEL008 0
17:52:27.166 @DEL009 0
17:52:27.167 @DEL010 
17:52:27.169 @DEL011 
17:52:27.170 @DEL012 
17:52:27.171 @DEL013 
17:52:27.172 @DEL015 20180721002
17:52:27.172 @DEL016 1010001
17:52:27.173 @DEL017 DD2018072103
17:52:27.178 @DEL001 2010019
17:52:27.179 @DEL002 神户绿茶原料
17:52:27.180 @DEL003 
17:52:27.181 @DEL004 KG
17:52:27.182 @DEL005 2018060301，45
17:52:27.183 @DEL006 BCP
17:52:27.184 @DEL007 0
17:52:27.185 @DEL008 0
17:52:27.187 @DEL009 0
17:52:27.187 @DEL010 
17:52:27.188 @DEL011 
17:52:27.189 @DEL012 
17:52:27.191 @DEL013 
17:52:27.192 @DEL015 20180721002
17:52:27.193 @DEL016 1010001
17:52:27.194 @DEL017 DD2018072103
17:52:27.198 @DEL001 2010019
17:52:27.199 @DEL002 神户绿茶原料
17:52:27.201 @DEL003 
17:52:27.202 @DEL004 KG
17:52:27.203 @DEL005 2018012803,40
17:52:27.204 @DEL006 BCP
17:52:27.205 @DEL007 0
17:52:27.206 @DEL008 0
17:52:27.207 @DEL009 0
17:52:27.208 @DEL010 
17:52:27.209 @DEL011 
17:52:27.210 @DEL012 
17:52:27.211 @DEL013 
17:52:27.212 @DEL015 20180721002
17:52:27.213 @DEL016 1010001
17:52:27.214 @DEL017 DD2018072103
17:52:27.217 @DEL001 2010019
17:52:27.218 @DEL002 神户绿茶原料
17:52:27.219 @DEL003 
17:52:27.221 @DEL004 KG
17:52:27.222 @DEL005 2018060301，45
17:52:27.223 @DEL006 D319
17:52:27.224 @DEL007 0
17:52:27.225 @DEL008 0
17:52:27.226 @DEL009 0
17:52:27.227 @DEL010 
17:52:27.228 @DEL011 
17:52:27.229 @DEL012 
17:52:27.230 @DEL013 
17:52:27.231 @DEL015 20180721002
17:52:27.232 @DEL016 1010001
17:52:27.233 @DEL017 DD2018072103
17:52:27.236 @DEL001 2010019
17:52:27.242 @DEL002 神户绿茶原料
17:52:27.243 @DEL003 
17:52:27.244 @DEL004 KG
17:52:27.245 @DEL005 20180721,45
17:52:27.246 @DEL006 BCP
17:52:27.247 @DEL007 0
17:52:27.248 @DEL008 0
17:52:27.249 @DEL009 0
17:52:27.251 @DEL010 
17:52:27.252 @DEL011 
17:52:27.253 @DEL012 
17:52:27.254 @DEL013 
17:52:27.255 @DEL015 20180721002
17:52:27.256 @DEL016 1010001
17:52:27.257 @DEL017 DD2018072103
17:52:27.260 @DEL001 2010019
17:52:27.262 @DEL002 神户绿茶原料
17:52:27.263 @DEL003 
17:52:27.263 @DEL004 KG
17:52:27.264 @DEL005 2018022603,40
17:52:27.265 @DEL006 BCP
17:52:27.266 @DEL007 0
17:52:27.267 @DEL008 0
17:52:27.268 @DEL009 0
17:52:27.269 @DEL010 
17:52:27.270 @DEL011 
17:52:27.271 @DEL012 
17:52:27.272 @DEL013 
17:52:27.273 @DEL015 20180721002
17:52:27.274 @DEL016 1010001
17:52:27.275 @DEL017 DD2018072103
17:52:27.279 @DEL001 2010019
17:52:27.281 @DEL002 神户绿茶原料
17:52:27.282 @DEL003 
17:52:27.284 @DEL004 KG
17:52:27.285 @DEL005 2018012803,40
17:52:27.286 @DEL006 C316
17:52:27.287 @DEL007 0
17:52:27.289 @DEL008 0
17:52:27.290 @DEL009 0
17:52:27.291 @DEL010 
17:52:27.292 @DEL011 
17:52:27.293 @DEL012 
17:52:27.294 @DEL013 
17:52:27.295 @DEL015 20180721002
17:52:27.296 @DEL016 1010001
17:52:27.297 @DEL017 DD2018072103
17:58:53.695 @DEL001 2010019
17:58:53.697 @DEL002 神户绿茶原料
17:58:53.698 @DEL003 
17:58:53.700 @DEL004 KG
17:58:53.701 @DEL005 2018012803,40
17:58:53.702 @DEL006 C316
17:58:53.703 @DEL007 23
17:58:53.704 @DEL008 343
17:58:53.706 @DEL009 34
17:58:53.707 @DEL010 84.10%
17:58:53.708 @DEL011 
17:58:53.709 @DEL012 
17:58:53.711 @DEL013 
17:58:53.712 @DEL015 20180721002
17:58:53.712 @DEL016 1010001
17:58:53.713 @DEL017 DD2018072103
17:58:53.717 @DEL001 2010019
17:58:53.718 @DEL002 神户绿茶原料
17:58:53.719 @DEL003 
17:58:53.721 @DEL004 KG
17:58:53.722 @DEL005 2018022603,40
17:58:53.723 @DEL006 BCP
17:58:53.724 @DEL007 34
17:58:53.725 @DEL008 23
17:58:53.726 @DEL009 34
17:58:53.727 @DEL010 8.66%
17:58:53.728 @DEL011 
17:58:53.729 @DEL012 
17:58:53.730 @DEL013 
17:58:53.731 @DEL015 20180721002
17:58:53.732 @DEL016 1010001
17:58:53.733 @DEL017 DD2018072103
17:58:53.736 @DEL001 2010019
17:58:53.738 @DEL002 神户绿茶原料
17:58:53.739 @DEL003 
17:58:53.739 @DEL004 KG
17:58:53.741 @DEL005 2018012803,40
17:58:53.742 @DEL006 BCP
17:58:53.743 @DEL007 12
17:58:53.744 @DEL008 54
17:58:53.745 @DEL009 34
17:58:53.746 @DEL010 7.24%
17:58:53.747 @DEL011 
17:58:53.748 @DEL012 
17:58:53.749 @DEL013 
17:58:53.749 @DEL015 20180721002
17:58:53.750 @DEL016 1010001
17:58:53.752 @DEL017 DD2018072103
18:02:16.052 @DEL001 2010019
18:02:16.055 @DEL002 神户绿茶原料
18:02:16.056 @DEL003 
18:02:16.058 @DEL004 KG
18:02:16.060 @DEL005 2018012803,40
18:02:16.061 @DEL006 C316
18:02:16.062 @DEL007 23
18:02:16.063 @DEL008 4
18:02:16.064 @DEL009 33
18:02:16.065 @DEL010 5.84%
18:02:16.066 @DEL011 
18:02:16.067 @DEL012 
18:02:16.068 @DEL013 
18:02:16.069 @DEL015 20180721001
18:02:16.070 @DEL016 通商绿茶
18:02:16.071 @DEL017 DD2018072103
18:02:16.075 @DEL001 2010019
18:02:16.076 @DEL002 神户绿茶原料
18:02:16.077 @DEL003 
18:02:16.079 @DEL004 KG
18:02:16.080 @DEL005 2018022603,40
18:02:16.081 @DEL006 D318
18:02:16.082 @DEL007 34
18:02:16.083 @DEL008 43
18:02:16.084 @DEL009 3
18:02:16.084 @DEL010 68.46%
18:02:16.085 @DEL011 
18:02:16.086 @DEL012 
18:02:16.087 @DEL013 
18:02:16.088 @DEL015 20180721001
18:02:16.089 @DEL016 通商绿茶
18:02:16.090 @DEL017 DD2018072103
18:02:16.093 @DEL001 2010019
18:02:16.095 @DEL002 神户绿茶原料
18:02:16.096 @DEL003 
18:02:16.097 @DEL004 KG
18:02:16.098 @DEL005 2018012803,40
18:02:16.099 @DEL006 BCP
18:02:16.100 @DEL007 12
18:02:16.102 @DEL008 34
18:02:16.103 @DEL009 3
18:02:16.104 @DEL010 19.21%
18:02:16.105 @DEL011 
18:02:16.106 @DEL012 
18:02:16.107 @DEL013 
18:02:16.108 @DEL015 20180721001
18:02:16.109 @DEL016 通商绿茶
18:02:16.110 @DEL017 DD2018072103
18:02:16.112 @DEL001 2010019
18:02:16.114 @DEL002 神户绿茶原料
18:02:16.115 @DEL003 
18:02:16.117 @DEL004 KG
18:02:16.119 @DEL005 2018022603,40
18:02:16.120 @DEL006 BCP
18:02:16.122 @DEL007 34
18:02:16.124 @DEL008 4
18:02:16.125 @DEL009 3
18:02:16.127 @DEL010 6.50%
18:02:16.129 @DEL011 
18:02:16.130 @DEL012 
18:02:16.132 @DEL013 
18:02:16.133 @DEL015 20180721001
18:02:16.135 @DEL016 通商绿茶
18:02:16.137 @DEL017 DD2018072103
18:47:05.793 @DEL001 2010011
18:47:05.795 @DEL002 东方田园条茶16孔下
18:47:05.796 @DEL003 
18:47:05.797 @DEL004 KG
18:47:05.798 @DEL005 2017111106,30
18:47:05.800 @DEL006 BCP
18:47:05.801 @DEL007 12
18:47:05.802 @DEL008 23
18:47:05.803 @DEL009 34
18:47:05.805 @DEL010 33.33%
18:47:05.806 @DEL011 
18:47:05.808 @DEL012 
18:47:05.810 @DEL013 
18:47:05.812 @DEL015 20180721002
18:47:05.813 @DEL016 通商绿茶
18:47:05.815 @DEL017 DD2018072103
18:47:05.819 @DEL001 2010011
18:47:05.820 @DEL002 东方田园条茶16孔下
18:47:05.822 @DEL003 
18:47:05.823 @DEL004 KG
18:47:05.824 @DEL005 2017111106,30
18:47:05.825 @DEL006 冷库A3
18:47:05.827 @DEL007 12
18:47:05.828 @DEL008 23
18:47:05.830 @DEL009 34
18:47:05.832 @DEL010 33.33%
18:47:05.833 @DEL011 
18:47:05.835 @DEL012 
18:47:05.836 @DEL013 
18:47:05.838 @DEL015 20180721002
18:47:05.840 @DEL016 通商绿茶
18:47:05.841 @DEL017 DD2018072103
18:47:05.844 @DEL001 2010011
18:47:05.846 @DEL002 东方田园条茶16孔下
18:47:05.847 @DEL003 
18:47:05.848 @DEL004 KG
18:47:05.849 @DEL005 2017101002,30
18:47:05.850 @DEL006 冷库A3
18:47:05.851 @DEL007 12
18:47:05.853 @DEL008 23
18:47:05.854 @DEL009 34
18:47:05.856 @DEL010 33.33%
18:47:05.857 @DEL011 
18:47:05.858 @DEL012 
18:47:05.860 @DEL013 
18:47:05.861 @DEL015 20180721002
18:47:05.862 @DEL016 通商绿茶
18:47:05.863 @DEL017 DD2018072103
18:55:10.712 @DEL001 2010019
18:55:10.714 @DEL002 神户绿茶原料
18:55:10.715 @DEL003 
18:55:10.716 @DEL004 KG
18:55:10.717 @DEL005 2018012803,40
18:55:10.719 @DEL006 C316
18:55:10.720 @DEL007 12
18:55:10.721 @DEL008 12
18:55:10.722 @DEL009 12
18:55:10.723 @DEL010 30.95%
18:55:10.724 @DEL011 1010001
18:55:10.725 @DEL012 
18:55:10.726 @DEL013 
18:55:10.728 @DEL015 20180721001
18:55:10.729 @DEL016 通商绿茶
18:55:10.730 @DEL017 DD2018072103
18:55:10.734 @DEL001 2010019
18:55:10.735 @DEL002 神户绿茶原料
18:55:10.737 @DEL003 
18:55:10.738 @DEL004 KG
18:55:10.740 @DEL005 2018022603,40
18:55:10.742 @DEL006 D318
18:55:10.743 @DEL007 12
18:55:10.744 @DEL008 2
18:55:10.746 @DEL009 12
18:55:10.747 @DEL010 7.14%
18:55:10.748 @DEL011 1010001
18:55:10.750 @DEL012 
18:55:10.751 @DEL013 
18:55:10.753 @DEL015 20180721001
18:55:10.754 @DEL016 通商绿茶
18:55:10.756 @DEL017 DD2018072103
18:55:10.760 @DEL001 2010019
18:55:10.761 @DEL002 神户绿茶原料
18:55:10.763 @DEL003 
18:55:10.764 @DEL004 KG
18:55:10.766 @DEL005 2018022603,40
18:55:10.767 @DEL006 BCP
18:55:10.769 @DEL007 12
18:55:10.770 @DEL008 12
18:55:10.771 @DEL009 12
18:55:10.773 @DEL010 30.95%
18:55:10.774 @DEL011 1010001
18:55:10.776 @DEL012 
18:55:10.777 @DEL013 
18:55:10.779 @DEL015 20180721001
18:55:10.780 @DEL016 通商绿茶
18:55:10.782 @DEL017 DD2018072103
18:55:10.785 @DEL001 2010019
18:55:10.786 @DEL002 神户绿茶原料
18:55:10.788 @DEL003 
18:55:10.789 @DEL004 KG
18:55:10.790 @DEL005 2018012803,40
18:55:10.792 @DEL006 BCP
18:55:10.793 @DEL007 12
18:55:10.794 @DEL008 12
18:55:10.798 @DEL009 12
18:55:10.799 @DEL010 30.95%
18:55:10.801 @DEL011 1010001
18:55:10.803 @DEL012 
18:55:10.804 @DEL013 
18:55:10.805 @DEL015 20180721001
18:55:10.807 @DEL016 通商绿茶
18:55:10.809 @DEL017 DD2018072103
