16:01:09.106 @DEL001 2010011
16:01:09.108 @DEL002 东方田园条茶16孔下
16:01:09.109 @DEL003 
16:01:09.110 @DEL004 KG
16:01:09.112 @DEL005 2017101002,30
16:01:09.113 @DEL006 冷库A3
16:01:09.114 @DEL007 1.000000
16:01:09.115 @DEL008 1.000000
16:01:09.116 @DEL009 1.000000
16:01:09.117 @DEL010 5.00%
16:01:09.118 @DEL011 GD201804030001
16:01:09.119 @DEL012 
16:01:09.121 @DEL013 
16:01:09.122 @idx 5
16:01:09.128 @DEL001 2010011
16:01:09.129 @DEL002 东方田园条茶16孔下
16:01:09.131 @DEL003 
16:01:09.132 @DEL004 KG
16:01:09.133 @DEL005 2018030803,30
16:01:09.134 @DEL006 冷库A5
16:01:09.134 @DEL007 5.000000
16:01:09.136 @DEL008 3.000000
16:01:09.136 @DEL009 1.000000
16:01:09.138 @DEL010 40.0%
16:01:09.139 @DEL011 GD201804030001
16:01:09.140 @DEL012 
16:01:09.142 @DEL013 
16:01:09.143 @idx 6
16:01:09.145 @DEL001 2010011
16:01:09.147 @DEL002 东方田园条茶16孔下
16:01:09.148 @DEL003 
16:01:09.148 @DEL004 KG
16:01:09.149 @DEL005 2017111106,30
16:01:09.150 @DEL006 冷库A3
16:01:09.154 @DEL007 1.000000
16:01:09.155 @DEL008 1.000000
16:01:09.156 @DEL009 4.000000
16:01:09.157 @DEL010 12.50%
16:01:09.158 @DEL011 GD201804030001
16:01:09.158 @DEL012 
16:01:09.159 @DEL013 
16:01:09.160 @idx 24
16:01:09.163 @DEL001 2010011
16:01:09.164 @DEL002 东方田园条茶16孔下
16:01:09.165 @DEL003 
16:01:09.166 @DEL004 KG
16:01:09.167 @DEL005 2018012802,16
16:01:09.168 @DEL006 有机区
16:01:09.169 @DEL007 3.000000
16:01:09.170 @DEL008 4.000000
16:01:09.171 @DEL009 5.000000
16:01:09.172 @DEL010 42.50%
16:01:09.173 @DEL011 GD201804030001
16:01:09.174 @DEL012 
16:01:09.175 @DEL013 
16:01:09.176 @idx 7
16:02:21.897 @DEL001 2010011
16:02:21.900 @DEL002 东方田园条茶16孔下
16:02:21.903 @DEL003 
16:02:21.904 @DEL004 KG
16:02:21.906 @DEL005 2018030803,30
16:02:21.908 @DEL006 冷库A5
16:02:21.909 @DEL007 4
16:02:21.911 @DEL008 1
16:02:21.914 @DEL009 1
16:02:21.916 @DEL010 35.71%
16:02:21.917 @DEL011 GD201805170002
16:02:21.919 @DEL012 
16:02:21.921 @DEL013 
16:02:21.927 @DEL001 2010011
16:02:21.929 @DEL002 东方田园条茶16孔下
16:02:21.931 @DEL003 
16:02:21.932 @DEL004 KG
16:02:21.933 @DEL005 2018012802,16
16:02:21.934 @DEL006 有机区
16:02:21.935 @DEL007 3
16:02:21.936 @DEL008 1
16:02:21.937 @DEL009 1
16:02:21.938 @DEL010 28.57%
16:02:21.939 @DEL011 GD201805170002
16:02:21.940 @DEL012 
16:02:21.941 @DEL013 
16:02:21.943 @DEL001 2010011
16:02:21.944 @DEL002 东方田园条茶16孔下
16:02:21.945 @DEL003 
16:02:21.946 @DEL004 KG
16:02:21.947 @DEL005 2017111106,30
16:02:21.948 @DEL006 冷库A3
16:02:21.949 @DEL007 2
16:02:21.950 @DEL008 1
16:02:21.951 @DEL009 1
16:02:21.952 @DEL010 21.43%
16:02:21.953 @DEL011 GD201805170002
16:02:21.954 @DEL012 
16:02:21.955 @DEL013 
16:02:21.957 @DEL001 2010011
16:02:21.958 @DEL002 东方田园条茶16孔下
16:02:21.959 @DEL003 
16:02:21.960 @DEL004 KG
16:02:21.961 @DEL005 2017101002,30
16:02:21.962 @DEL006 冷库A3
16:02:21.963 @DEL007 1
16:02:21.964 @DEL008 1
16:02:21.965 @DEL009 1
16:02:21.966 @DEL010 14.29%
16:02:21.967 @DEL011 GD201805170002
16:02:21.968 @DEL012 
16:02:21.969 @DEL013 
